Using GPU
Args in experiment:
[1mBasic Config[0m
  Task Name:          long_term_forecast  Is Training:        1                   
  Model ID:           Exchange_1          Model:              Mamba               

[1mData Loader[0m
  Data:               custom              Root Path:          ./dataset/exchange_rate/
  Data Path:          exchange_rate.csv   Features:           M                   
  Target:             OT                  Freq:               h                   
  Checkpoints:        ./checkpoints/      

[1mForecasting Task[0m
  Seq Len:            96                  Label Len:          48                  
  Pred Len:           1                   Seasonal Patterns:  Monthly             
  Inverse:            0                   

[1mModel Parameters[0m
  Top k:              5                   Num Kernels:        6                   
  Enc In:             5                   Dec In:             5                   
  C Out:              5                   d model:            128                 
  n heads:            8                   e layers:           2                   
  d layers:           1                   d FF:               64                  
  Moving Avg:         25                  Factor:             1                   
  Distil:             1                   Dropout:            0.1                 
  Embed:              timeF               Activation:         gelu                

[1mRun Parameters[0m
  Num Workers:        10                  Itr:                1                   
  Train Epochs:       150                 Batch Size:         32                  
  Patience:           999                 Learning Rate:      0.0001              
  Des:                Exp                 Loss:               MSE                 
  Lradj:              type1               Use Amp:            0                   

[1mGPU[0m
  Use GPU:            1                   GPU:                0                   
  Use Multi GPU:      0                   Devices:            0,1,2,3             

[1mDe-stationary Projector Params[0m
  P Hidden Dims:      128, 128            P Hidden Layers:    2                   

Please make sure you have successfully installed mamba_ssm
Use GPU: cuda:0
>>>>>>>start training : long_term_forecast_Exchange_1_Mamba_custom_ftM_sl96_ll48_pl1_dm128_nh8_el2_dl1_df64_expand2_dc4_fc1_ebtimeF_dtTrue_Exp_0>>>>>>>>>>>>>>>>>>>>>>>>>>
Overriding target from 'OT' to 'close' for stock data
============================================================
DATASET SPLIT INFO (90/5/5):
============================================================
Total samples: 4781
Train: 4302 samples (90%) - rows 0 to 4301
Val: 239 samples (5%) - rows 4302 to 4540
Test: 240 samples (5%) - rows 4541 to 4780
Sequence length: 96, Prediction length: 1
============================================================
train 4206
Overriding target from 'OT' to 'close' for stock data
val 239
Overriding target from 'OT' to 'close' for stock data
test 240
Validation loss decreased (inf --> 0.023905).  Saving model ...
Updating learning rate to 0.0001
Validation loss decreased (0.023905 --> 0.021998).  Saving model ...
Updating learning rate to 5e-05
EarlyStopping counter: 1 out of 999
Updating learning rate to 2.5e-05
EarlyStopping counter: 2 out of 999
Updating learning rate to 1.25e-05
EarlyStopping counter: 3 out of 999
Updating learning rate to 6.25e-06
EarlyStopping counter: 4 out of 999
Updating learning rate to 3.125e-06
EarlyStopping counter: 5 out of 999
Updating learning rate to 1.5625e-06
EarlyStopping counter: 6 out of 999
Updating learning rate to 7.8125e-07
EarlyStopping counter: 7 out of 999
Updating learning rate to 3.90625e-07
EarlyStopping counter: 8 out of 999
Updating learning rate to 1.953125e-07
EarlyStopping counter: 9 out of 999
Updating learning rate to 9.765625e-08
EarlyStopping counter: 10 out of 999
Updating learning rate to 4.8828125e-08
EarlyStopping counter: 11 out of 999
Updating learning rate to 2.44140625e-08
EarlyStopping counter: 12 out of 999
Updating learning rate to 1.220703125e-08
EarlyStopping counter: 13 out of 999
Updating learning rate to 6.103515625e-09
EarlyStopping counter: 14 out of 999
Updating learning rate to 3.0517578125e-09
EarlyStopping counter: 15 out of 999
Updating learning rate to 1.52587890625e-09
EarlyStopping counter: 16 out of 999
Updating learning rate to 7.62939453125e-10
EarlyStopping counter: 17 out of 999
Updating learning rate to 3.814697265625e-10
EarlyStopping counter: 18 out of 999
Updating learning rate to 1.9073486328125e-10
EarlyStopping counter: 19 out of 999
Updating learning rate to 9.5367431640625e-11
EarlyStopping counter: 20 out of 999
Updating learning rate to 4.76837158203125e-11
EarlyStopping counter: 21 out of 999
Updating learning rate to 2.384185791015625e-11
EarlyStopping counter: 22 out of 999
Updating learning rate to 1.1920928955078126e-11
EarlyStopping counter: 23 out of 999
Updating learning rate to 5.960464477539063e-12
EarlyStopping counter: 24 out of 999
Updating learning rate to 2.9802322387695314e-12
EarlyStopping counter: 25 out of 999
Updating learning rate to 1.4901161193847657e-12
EarlyStopping counter: 26 out of 999
Updating learning rate to 7.450580596923828e-13
EarlyStopping counter: 27 out of 999
Updating learning rate to 3.725290298461914e-13
EarlyStopping counter: 28 out of 999
Updating learning rate to 1.862645149230957e-13
EarlyStopping counter: 29 out of 999
Updating learning rate to 9.313225746154786e-14
EarlyStopping counter: 30 out of 999
Updating learning rate to 4.656612873077393e-14
EarlyStopping counter: 31 out of 999
Updating learning rate to 2.3283064365386964e-14
EarlyStopping counter: 32 out of 999
Updating learning rate to 1.1641532182693482e-14
EarlyStopping counter: 33 out of 999
Updating learning rate to 5.820766091346741e-15
EarlyStopping counter: 34 out of 999
Updating learning rate to 2.9103830456733705e-15
EarlyStopping counter: 35 out of 999
Updating learning rate to 1.4551915228366853e-15
EarlyStopping counter: 36 out of 999
Updating learning rate to 7.275957614183426e-16
EarlyStopping counter: 37 out of 999
Updating learning rate to 3.637978807091713e-16
EarlyStopping counter: 38 out of 999
Updating learning rate to 1.8189894035458566e-16
EarlyStopping counter: 39 out of 999
Updating learning rate to 9.094947017729283e-17
EarlyStopping counter: 40 out of 999
Updating learning rate to 4.5474735088646414e-17
EarlyStopping counter: 41 out of 999
Updating learning rate to 2.2737367544323207e-17
EarlyStopping counter: 42 out of 999
Updating learning rate to 1.1368683772161604e-17
EarlyStopping counter: 43 out of 999
Updating learning rate to 5.684341886080802e-18
EarlyStopping counter: 44 out of 999
Updating learning rate to 2.842170943040401e-18
EarlyStopping counter: 45 out of 999
Updating learning rate to 1.4210854715202004e-18
EarlyStopping counter: 46 out of 999
Updating learning rate to 7.105427357601002e-19
EarlyStopping counter: 47 out of 999
Updating learning rate to 3.552713678800501e-19
EarlyStopping counter: 48 out of 999
Updating learning rate to 1.7763568394002505e-19
EarlyStopping counter: 49 out of 999
Updating learning rate to 8.881784197001253e-20
EarlyStopping counter: 50 out of 999
Updating learning rate to 4.4408920985006264e-20
EarlyStopping counter: 51 out of 999
Updating learning rate to 2.2204460492503132e-20
EarlyStopping counter: 52 out of 999
Updating learning rate to 1.1102230246251566e-20
EarlyStopping counter: 53 out of 999
Updating learning rate to 5.551115123125783e-21
EarlyStopping counter: 54 out of 999
Updating learning rate to 2.7755575615628915e-21
EarlyStopping counter: 55 out of 999
Updating learning rate to 1.3877787807814457e-21
EarlyStopping counter: 56 out of 999
Updating learning rate to 6.938893903907229e-22
EarlyStopping counter: 57 out of 999
Updating learning rate to 3.4694469519536144e-22
EarlyStopping counter: 58 out of 999
Updating learning rate to 1.7347234759768072e-22
EarlyStopping counter: 59 out of 999
Updating learning rate to 8.673617379884036e-23
EarlyStopping counter: 60 out of 999
Updating learning rate to 4.336808689942018e-23
EarlyStopping counter: 61 out of 999
Updating learning rate to 2.168404344971009e-23
EarlyStopping counter: 62 out of 999
Updating learning rate to 1.0842021724855045e-23
EarlyStopping counter: 63 out of 999
Updating learning rate to 5.4210108624275224e-24
EarlyStopping counter: 64 out of 999
Updating learning rate to 2.7105054312137612e-24
EarlyStopping counter: 65 out of 999
Updating learning rate to 1.3552527156068806e-24
EarlyStopping counter: 66 out of 999
Updating learning rate to 6.776263578034403e-25
EarlyStopping counter: 67 out of 999
Updating learning rate to 3.3881317890172015e-25
EarlyStopping counter: 68 out of 999
Updating learning rate to 1.6940658945086008e-25
EarlyStopping counter: 69 out of 999
Updating learning rate to 8.470329472543004e-26
EarlyStopping counter: 70 out of 999
Updating learning rate to 4.235164736271502e-26
EarlyStopping counter: 71 out of 999
Updating learning rate to 2.117582368135751e-26
EarlyStopping counter: 72 out of 999
Updating learning rate to 1.0587911840678755e-26
EarlyStopping counter: 73 out of 999
Updating learning rate to 5.2939559203393774e-27
EarlyStopping counter: 74 out of 999
Updating learning rate to 2.6469779601696887e-27
EarlyStopping counter: 75 out of 999
Updating learning rate to 1.3234889800848443e-27
EarlyStopping counter: 76 out of 999
Updating learning rate to 6.617444900424222e-28
EarlyStopping counter: 77 out of 999
Updating learning rate to 3.308722450212111e-28
EarlyStopping counter: 78 out of 999
Updating learning rate to 1.6543612251060554e-28
EarlyStopping counter: 79 out of 999
Updating learning rate to 8.271806125530277e-29
EarlyStopping counter: 80 out of 999
Updating learning rate to 4.1359030627651386e-29
EarlyStopping counter: 81 out of 999
Updating learning rate to 2.0679515313825693e-29
EarlyStopping counter: 82 out of 999
Updating learning rate to 1.0339757656912846e-29
EarlyStopping counter: 83 out of 999
Updating learning rate to 5.169878828456423e-30
EarlyStopping counter: 84 out of 999
Updating learning rate to 2.5849394142282116e-30
EarlyStopping counter: 85 out of 999
Updating learning rate to 1.2924697071141058e-30
EarlyStopping counter: 86 out of 999
Updating learning rate to 6.462348535570529e-31
EarlyStopping counter: 87 out of 999
Updating learning rate to 3.2311742677852645e-31
EarlyStopping counter: 88 out of 999
Updating learning rate to 1.6155871338926323e-31
EarlyStopping counter: 89 out of 999
Updating learning rate to 8.077935669463161e-32
EarlyStopping counter: 90 out of 999
Updating learning rate to 4.0389678347315806e-32
EarlyStopping counter: 91 out of 999
Updating learning rate to 2.0194839173657903e-32
EarlyStopping counter: 92 out of 999
Updating learning rate to 1.0097419586828952e-32
EarlyStopping counter: 93 out of 999
Updating learning rate to 5.048709793414476e-33
EarlyStopping counter: 94 out of 999
Updating learning rate to 2.524354896707238e-33
EarlyStopping counter: 95 out of 999
Updating learning rate to 1.262177448353619e-33
EarlyStopping counter: 96 out of 999
Updating learning rate to 6.310887241768095e-34
EarlyStopping counter: 97 out of 999
Updating learning rate to 3.1554436208840474e-34
EarlyStopping counter: 98 out of 999
Updating learning rate to 1.5777218104420237e-34
EarlyStopping counter: 99 out of 999
Updating learning rate to 7.888609052210118e-35
EarlyStopping counter: 100 out of 999
Updating learning rate to 3.944304526105059e-35
EarlyStopping counter: 101 out of 999
Updating learning rate to 1.9721522630525296e-35
EarlyStopping counter: 102 out of 999
Updating learning rate to 9.860761315262648e-36
EarlyStopping counter: 103 out of 999
Updating learning rate to 4.930380657631324e-36
EarlyStopping counter: 104 out of 999
Updating learning rate to 2.465190328815662e-36
EarlyStopping counter: 105 out of 999
Updating learning rate to 1.232595164407831e-36
EarlyStopping counter: 106 out of 999
Updating learning rate to 6.162975822039155e-37
EarlyStopping counter: 107 out of 999
Updating learning rate to 3.0814879110195775e-37
EarlyStopping counter: 108 out of 999
Updating learning rate to 1.5407439555097888e-37
EarlyStopping counter: 109 out of 999
Updating learning rate to 7.703719777548944e-38
EarlyStopping counter: 110 out of 999
Updating learning rate to 3.851859888774472e-38
EarlyStopping counter: 111 out of 999
Updating learning rate to 1.925929944387236e-38
EarlyStopping counter: 112 out of 999
Updating learning rate to 9.62964972193618e-39
EarlyStopping counter: 113 out of 999
Updating learning rate to 4.81482486096809e-39
EarlyStopping counter: 114 out of 999
Updating learning rate to 2.407412430484045e-39
EarlyStopping counter: 115 out of 999
Updating learning rate to 1.2037062152420225e-39
EarlyStopping counter: 116 out of 999
Updating learning rate to 6.018531076210112e-40
EarlyStopping counter: 117 out of 999
Updating learning rate to 3.009265538105056e-40
EarlyStopping counter: 118 out of 999
Updating learning rate to 1.504632769052528e-40
EarlyStopping counter: 119 out of 999
Updating learning rate to 7.52316384526264e-41
EarlyStopping counter: 120 out of 999
Updating learning rate to 3.76158192263132e-41
EarlyStopping counter: 121 out of 999
Updating learning rate to 1.88079096131566e-41
EarlyStopping counter: 122 out of 999
Updating learning rate to 9.4039548065783e-42
EarlyStopping counter: 123 out of 999
Updating learning rate to 4.70197740328915e-42
EarlyStopping counter: 124 out of 999
Updating learning rate to 2.350988701644575e-42
EarlyStopping counter: 125 out of 999
Updating learning rate to 1.1754943508222876e-42
EarlyStopping counter: 126 out of 999
Updating learning rate to 5.877471754111438e-43
EarlyStopping counter: 127 out of 999
Updating learning rate to 2.938735877055719e-43
EarlyStopping counter: 128 out of 999
Updating learning rate to 1.4693679385278595e-43
Validation loss decreased (0.021998 --> 0.021908).  Saving model ...
Updating learning rate to 7.346839692639297e-44
EarlyStopping counter: 1 out of 999
Updating learning rate to 3.6734198463196486e-44
EarlyStopping counter: 2 out of 999
Updating learning rate to 1.8367099231598243e-44
EarlyStopping counter: 3 out of 999
Updating learning rate to 9.183549615799122e-45
EarlyStopping counter: 4 out of 999
Updating learning rate to 4.591774807899561e-45
EarlyStopping counter: 5 out of 999
Updating learning rate to 2.2958874039497804e-45
EarlyStopping counter: 6 out of 999
Updating learning rate to 1.1479437019748902e-45
EarlyStopping counter: 7 out of 999
Updating learning rate to 5.739718509874451e-46
EarlyStopping counter: 8 out of 999
Updating learning rate to 2.8698592549372255e-46
EarlyStopping counter: 9 out of 999
Updating learning rate to 1.4349296274686127e-46
EarlyStopping counter: 10 out of 999
Updating learning rate to 7.174648137343064e-47
EarlyStopping counter: 11 out of 999
Updating learning rate to 3.587324068671532e-47
EarlyStopping counter: 12 out of 999
Updating learning rate to 1.793662034335766e-47
EarlyStopping counter: 13 out of 999
Updating learning rate to 8.96831017167883e-48
EarlyStopping counter: 14 out of 999
Updating learning rate to 4.484155085839415e-48
EarlyStopping counter: 15 out of 999
Updating learning rate to 2.2420775429197074e-48
EarlyStopping counter: 16 out of 999
Updating learning rate to 1.1210387714598537e-48
EarlyStopping counter: 17 out of 999
Updating learning rate to 5.6051938572992686e-49
EarlyStopping counter: 18 out of 999
Updating learning rate to 2.8025969286496343e-49
EarlyStopping counter: 19 out of 999
Updating learning rate to 1.4012984643248171e-49
>>>>>>>testing : long_term_forecast_Exchange_1_Mamba_custom_ftM_sl96_ll48_pl1_dm128_nh8_el2_dl1_df64_expand2_dc4_fc1_ebtimeF_dtTrue_Exp_0<<<<<<<<<<<<<<<<<<<<<<<<<<<<<<<<<
Overriding target from 'OT' to 'close' for stock data
test 240
test shape: (240, 1, 5) (240, 1, 5)
test shape: (240, 1, 5) (240, 1, 5)


	mse:0.043826885521411896, mae:0.07850747555494308, rmse:0.20934872329235077, r2:0.8360203802585602, dtw:Not calculated


VAL - MSE: 0.0438, MAE: 0.0785, RMSE: 0.2093, R²: 0.8360, MAPE: 0.24%
Using GPU
Args in experiment:
[1mBasic Config[0m
  Task Name:          long_term_forecast  Is Training:        1                   
  Model ID:           Exchange_7          Model:              Mamba               

[1mData Loader[0m
  Data:               custom              Root Path:          ./dataset/exchange_rate/
  Data Path:          exchange_rate.csv   Features:           M                   
  Target:             OT                  Freq:               h                   
  Checkpoints:        ./checkpoints/      

[1mForecasting Task[0m
  Seq Len:            96                  Label Len:          48                  
  Pred Len:           7                   Seasonal Patterns:  Monthly             
  Inverse:            0                   

[1mModel Parameters[0m
  Top k:              5                   Num Kernels:        6                   
  Enc In:             5                   Dec In:             5                   
  C Out:              5                   d model:            128                 
  n heads:            8                   e layers:           2                   
  d layers:           1                   d FF:               64                  
  Moving Avg:         25                  Factor:             1                   
  Distil:             1                   Dropout:            0.1                 
  Embed:              timeF               Activation:         gelu                

[1mRun Parameters[0m
  Num Workers:        10                  Itr:                1                   
  Train Epochs:       150                 Batch Size:         32                  
  Patience:           999                 Learning Rate:      0.0001              
  Des:                Exp                 Loss:               MSE                 
  Lradj:              type1               Use Amp:            0                   

[1mGPU[0m
  Use GPU:            1                   GPU:                0                   
  Use Multi GPU:      0                   Devices:            0,1,2,3             

[1mDe-stationary Projector Params[0m
  P Hidden Dims:      128, 128            P Hidden Layers:    2                   

Please make sure you have successfully installed mamba_ssm
Use GPU: cuda:0
>>>>>>>start training : long_term_forecast_Exchange_7_Mamba_custom_ftM_sl96_ll48_pl7_dm128_nh8_el2_dl1_df64_expand2_dc4_fc1_ebtimeF_dtTrue_Exp_0>>>>>>>>>>>>>>>>>>>>>>>>>>
Overriding target from 'OT' to 'close' for stock data
============================================================
DATASET SPLIT INFO (90/5/5):
============================================================
Total samples: 4781
Train: 4302 samples (90%) - rows 0 to 4301
Val: 239 samples (5%) - rows 4302 to 4540
Test: 240 samples (5%) - rows 4541 to 4780
Sequence length: 96, Prediction length: 7
============================================================
train 4200
Overriding target from 'OT' to 'close' for stock data
val 233
Overriding target from 'OT' to 'close' for stock data
test 234
Validation loss decreased (inf --> 0.030592).  Saving model ...
Updating learning rate to 0.0001
Validation loss decreased (0.030592 --> 0.028314).  Saving model ...
Updating learning rate to 5e-05
EarlyStopping counter: 1 out of 999
Updating learning rate to 2.5e-05
EarlyStopping counter: 2 out of 999
Updating learning rate to 1.25e-05
EarlyStopping counter: 3 out of 999
Updating learning rate to 6.25e-06
EarlyStopping counter: 4 out of 999
Updating learning rate to 3.125e-06
EarlyStopping counter: 5 out of 999
Updating learning rate to 1.5625e-06
EarlyStopping counter: 6 out of 999
Updating learning rate to 7.8125e-07
EarlyStopping counter: 7 out of 999
Updating learning rate to 3.90625e-07
EarlyStopping counter: 8 out of 999
Updating learning rate to 1.953125e-07
EarlyStopping counter: 9 out of 999
Updating learning rate to 9.765625e-08
EarlyStopping counter: 10 out of 999
Updating learning rate to 4.8828125e-08
EarlyStopping counter: 11 out of 999
Updating learning rate to 2.44140625e-08
EarlyStopping counter: 12 out of 999
Updating learning rate to 1.220703125e-08
EarlyStopping counter: 13 out of 999
Updating learning rate to 6.103515625e-09
EarlyStopping counter: 14 out of 999
Updating learning rate to 3.0517578125e-09
EarlyStopping counter: 15 out of 999
Updating learning rate to 1.52587890625e-09
EarlyStopping counter: 16 out of 999
Updating learning rate to 7.62939453125e-10
EarlyStopping counter: 17 out of 999
Updating learning rate to 3.814697265625e-10
EarlyStopping counter: 18 out of 999
Updating learning rate to 1.9073486328125e-10
EarlyStopping counter: 19 out of 999
Updating learning rate to 9.5367431640625e-11
EarlyStopping counter: 20 out of 999
Updating learning rate to 4.76837158203125e-11
EarlyStopping counter: 21 out of 999
Updating learning rate to 2.384185791015625e-11
EarlyStopping counter: 22 out of 999
Updating learning rate to 1.1920928955078126e-11
EarlyStopping counter: 23 out of 999
Updating learning rate to 5.960464477539063e-12
EarlyStopping counter: 24 out of 999
Updating learning rate to 2.9802322387695314e-12
EarlyStopping counter: 25 out of 999
Updating learning rate to 1.4901161193847657e-12
EarlyStopping counter: 26 out of 999
Updating learning rate to 7.450580596923828e-13
EarlyStopping counter: 27 out of 999
Updating learning rate to 3.725290298461914e-13
EarlyStopping counter: 28 out of 999
Updating learning rate to 1.862645149230957e-13
EarlyStopping counter: 29 out of 999
Updating learning rate to 9.313225746154786e-14
EarlyStopping counter: 30 out of 999
Updating learning rate to 4.656612873077393e-14
EarlyStopping counter: 31 out of 999
Updating learning rate to 2.3283064365386964e-14
EarlyStopping counter: 32 out of 999
Updating learning rate to 1.1641532182693482e-14
EarlyStopping counter: 33 out of 999
Updating learning rate to 5.820766091346741e-15
EarlyStopping counter: 34 out of 999
Updating learning rate to 2.9103830456733705e-15
EarlyStopping counter: 35 out of 999
Updating learning rate to 1.4551915228366853e-15
EarlyStopping counter: 36 out of 999
Updating learning rate to 7.275957614183426e-16
EarlyStopping counter: 37 out of 999
Updating learning rate to 3.637978807091713e-16
EarlyStopping counter: 38 out of 999
Updating learning rate to 1.8189894035458566e-16
EarlyStopping counter: 39 out of 999
Updating learning rate to 9.094947017729283e-17
EarlyStopping counter: 40 out of 999
Updating learning rate to 4.5474735088646414e-17
EarlyStopping counter: 41 out of 999
Updating learning rate to 2.2737367544323207e-17
EarlyStopping counter: 42 out of 999
Updating learning rate to 1.1368683772161604e-17
EarlyStopping counter: 43 out of 999
Updating learning rate to 5.684341886080802e-18
EarlyStopping counter: 44 out of 999
Updating learning rate to 2.842170943040401e-18
EarlyStopping counter: 45 out of 999
Updating learning rate to 1.4210854715202004e-18
EarlyStopping counter: 46 out of 999
Updating learning rate to 7.105427357601002e-19
EarlyStopping counter: 47 out of 999
Updating learning rate to 3.552713678800501e-19
EarlyStopping counter: 48 out of 999
Updating learning rate to 1.7763568394002505e-19
EarlyStopping counter: 49 out of 999
Updating learning rate to 8.881784197001253e-20
EarlyStopping counter: 50 out of 999
Updating learning rate to 4.4408920985006264e-20
EarlyStopping counter: 51 out of 999
Updating learning rate to 2.2204460492503132e-20
EarlyStopping counter: 52 out of 999
Updating learning rate to 1.1102230246251566e-20
EarlyStopping counter: 53 out of 999
Updating learning rate to 5.551115123125783e-21
EarlyStopping counter: 54 out of 999
Updating learning rate to 2.7755575615628915e-21
EarlyStopping counter: 55 out of 999
Updating learning rate to 1.3877787807814457e-21
EarlyStopping counter: 56 out of 999
Updating learning rate to 6.938893903907229e-22
EarlyStopping counter: 57 out of 999
Updating learning rate to 3.4694469519536144e-22
EarlyStopping counter: 58 out of 999
Updating learning rate to 1.7347234759768072e-22
EarlyStopping counter: 59 out of 999
Updating learning rate to 8.673617379884036e-23
EarlyStopping counter: 60 out of 999
Updating learning rate to 4.336808689942018e-23
EarlyStopping counter: 61 out of 999
Updating learning rate to 2.168404344971009e-23
EarlyStopping counter: 62 out of 999
Updating learning rate to 1.0842021724855045e-23
EarlyStopping counter: 63 out of 999
Updating learning rate to 5.4210108624275224e-24
EarlyStopping counter: 64 out of 999
Updating learning rate to 2.7105054312137612e-24
EarlyStopping counter: 65 out of 999
Updating learning rate to 1.3552527156068806e-24
EarlyStopping counter: 66 out of 999
Updating learning rate to 6.776263578034403e-25
EarlyStopping counter: 67 out of 999
Updating learning rate to 3.3881317890172015e-25
EarlyStopping counter: 68 out of 999
Updating learning rate to 1.6940658945086008e-25
EarlyStopping counter: 69 out of 999
Updating learning rate to 8.470329472543004e-26
EarlyStopping counter: 70 out of 999
Updating learning rate to 4.235164736271502e-26
EarlyStopping counter: 71 out of 999
Updating learning rate to 2.117582368135751e-26
EarlyStopping counter: 72 out of 999
Updating learning rate to 1.0587911840678755e-26
EarlyStopping counter: 73 out of 999
Updating learning rate to 5.2939559203393774e-27
EarlyStopping counter: 74 out of 999
Updating learning rate to 2.6469779601696887e-27
EarlyStopping counter: 75 out of 999
Updating learning rate to 1.3234889800848443e-27
EarlyStopping counter: 76 out of 999
Updating learning rate to 6.617444900424222e-28
EarlyStopping counter: 77 out of 999
Updating learning rate to 3.308722450212111e-28
EarlyStopping counter: 78 out of 999
Updating learning rate to 1.6543612251060554e-28
EarlyStopping counter: 79 out of 999
Updating learning rate to 8.271806125530277e-29
EarlyStopping counter: 80 out of 999
Updating learning rate to 4.1359030627651386e-29
EarlyStopping counter: 81 out of 999
Updating learning rate to 2.0679515313825693e-29
EarlyStopping counter: 82 out of 999
Updating learning rate to 1.0339757656912846e-29
EarlyStopping counter: 83 out of 999
Updating learning rate to 5.169878828456423e-30
EarlyStopping counter: 84 out of 999
Updating learning rate to 2.5849394142282116e-30
EarlyStopping counter: 85 out of 999
Updating learning rate to 1.2924697071141058e-30
EarlyStopping counter: 86 out of 999
Updating learning rate to 6.462348535570529e-31
EarlyStopping counter: 87 out of 999
Updating learning rate to 3.2311742677852645e-31
EarlyStopping counter: 88 out of 999
Updating learning rate to 1.6155871338926323e-31
EarlyStopping counter: 89 out of 999
Updating learning rate to 8.077935669463161e-32
EarlyStopping counter: 90 out of 999
Updating learning rate to 4.0389678347315806e-32
EarlyStopping counter: 91 out of 999
Updating learning rate to 2.0194839173657903e-32
EarlyStopping counter: 92 out of 999
Updating learning rate to 1.0097419586828952e-32
EarlyStopping counter: 93 out of 999
Updating learning rate to 5.048709793414476e-33
EarlyStopping counter: 94 out of 999
Updating learning rate to 2.524354896707238e-33
EarlyStopping counter: 95 out of 999
Updating learning rate to 1.262177448353619e-33
EarlyStopping counter: 96 out of 999
Updating learning rate to 6.310887241768095e-34
EarlyStopping counter: 97 out of 999
Updating learning rate to 3.1554436208840474e-34
EarlyStopping counter: 98 out of 999
Updating learning rate to 1.5777218104420237e-34
EarlyStopping counter: 99 out of 999
Updating learning rate to 7.888609052210118e-35
EarlyStopping counter: 100 out of 999
Updating learning rate to 3.944304526105059e-35
EarlyStopping counter: 101 out of 999
Updating learning rate to 1.9721522630525296e-35
EarlyStopping counter: 102 out of 999
Updating learning rate to 9.860761315262648e-36
EarlyStopping counter: 103 out of 999
Updating learning rate to 4.930380657631324e-36
EarlyStopping counter: 104 out of 999
Updating learning rate to 2.465190328815662e-36
EarlyStopping counter: 105 out of 999
Updating learning rate to 1.232595164407831e-36
EarlyStopping counter: 106 out of 999
Updating learning rate to 6.162975822039155e-37
EarlyStopping counter: 107 out of 999
Updating learning rate to 3.0814879110195775e-37
EarlyStopping counter: 108 out of 999
Updating learning rate to 1.5407439555097888e-37
EarlyStopping counter: 109 out of 999
Updating learning rate to 7.703719777548944e-38
EarlyStopping counter: 110 out of 999
Updating learning rate to 3.851859888774472e-38
EarlyStopping counter: 111 out of 999
Updating learning rate to 1.925929944387236e-38
EarlyStopping counter: 112 out of 999
Updating learning rate to 9.62964972193618e-39
EarlyStopping counter: 113 out of 999
Updating learning rate to 4.81482486096809e-39
EarlyStopping counter: 114 out of 999
Updating learning rate to 2.407412430484045e-39
EarlyStopping counter: 115 out of 999
Updating learning rate to 1.2037062152420225e-39
EarlyStopping counter: 116 out of 999
Updating learning rate to 6.018531076210112e-40
EarlyStopping counter: 117 out of 999
Updating learning rate to 3.009265538105056e-40
EarlyStopping counter: 118 out of 999
Updating learning rate to 1.504632769052528e-40
EarlyStopping counter: 119 out of 999
Updating learning rate to 7.52316384526264e-41
EarlyStopping counter: 120 out of 999
Updating learning rate to 3.76158192263132e-41
EarlyStopping counter: 121 out of 999
Updating learning rate to 1.88079096131566e-41
EarlyStopping counter: 122 out of 999
Updating learning rate to 9.4039548065783e-42
EarlyStopping counter: 123 out of 999
Updating learning rate to 4.70197740328915e-42
EarlyStopping counter: 124 out of 999
Updating learning rate to 2.350988701644575e-42
EarlyStopping counter: 125 out of 999
Updating learning rate to 1.1754943508222876e-42
EarlyStopping counter: 126 out of 999
Updating learning rate to 5.877471754111438e-43
EarlyStopping counter: 127 out of 999
Updating learning rate to 2.938735877055719e-43
EarlyStopping counter: 128 out of 999
Updating learning rate to 1.4693679385278595e-43
EarlyStopping counter: 129 out of 999
Updating learning rate to 7.346839692639297e-44
EarlyStopping counter: 130 out of 999
Updating learning rate to 3.6734198463196486e-44
EarlyStopping counter: 131 out of 999
Updating learning rate to 1.8367099231598243e-44
EarlyStopping counter: 132 out of 999
Updating learning rate to 9.183549615799122e-45
EarlyStopping counter: 133 out of 999
Updating learning rate to 4.591774807899561e-45
EarlyStopping counter: 134 out of 999
Updating learning rate to 2.2958874039497804e-45
EarlyStopping counter: 135 out of 999
Updating learning rate to 1.1479437019748902e-45
EarlyStopping counter: 136 out of 999
Updating learning rate to 5.739718509874451e-46
EarlyStopping counter: 137 out of 999
Updating learning rate to 2.8698592549372255e-46
EarlyStopping counter: 138 out of 999
Updating learning rate to 1.4349296274686127e-46
EarlyStopping counter: 139 out of 999
Updating learning rate to 7.174648137343064e-47
EarlyStopping counter: 140 out of 999
Updating learning rate to 3.587324068671532e-47
EarlyStopping counter: 141 out of 999
Updating learning rate to 1.793662034335766e-47
EarlyStopping counter: 142 out of 999
Updating learning rate to 8.96831017167883e-48
EarlyStopping counter: 143 out of 999
Updating learning rate to 4.484155085839415e-48
EarlyStopping counter: 144 out of 999
Updating learning rate to 2.2420775429197074e-48
EarlyStopping counter: 145 out of 999
Updating learning rate to 1.1210387714598537e-48
EarlyStopping counter: 146 out of 999
Updating learning rate to 5.6051938572992686e-49
EarlyStopping counter: 147 out of 999
Updating learning rate to 2.8025969286496343e-49
EarlyStopping counter: 148 out of 999
Updating learning rate to 1.4012984643248171e-49
>>>>>>>testing : long_term_forecast_Exchange_7_Mamba_custom_ftM_sl96_ll48_pl7_dm128_nh8_el2_dl1_df64_expand2_dc4_fc1_ebtimeF_dtTrue_Exp_0<<<<<<<<<<<<<<<<<<<<<<<<<<<<<<<<<
Overriding target from 'OT' to 'close' for stock data
test 234
test shape: (234, 7, 5) (234, 7, 5)
test shape: (234, 7, 5) (234, 7, 5)


	mse:0.054290227591991425, mae:0.0955209955573082, rmse:0.23300263285636902, r2:0.7948867976665497, dtw:Not calculated


VAL - MSE: 0.0543, MAE: 0.0955, RMSE: 0.2330, R²: 0.7949, MAPE: 0.28%
Using GPU
Args in experiment:
[1mBasic Config[0m
  Task Name:          long_term_forecast  Is Training:        1                   
  Model ID:           Exchange_14         Model:              Mamba               

[1mData Loader[0m
  Data:               custom              Root Path:          ./dataset/exchange_rate/
  Data Path:          exchange_rate.csv   Features:           M                   
  Target:             OT                  Freq:               h                   
  Checkpoints:        ./checkpoints/      

[1mForecasting Task[0m
  Seq Len:            96                  Label Len:          48                  
  Pred Len:           14                  Seasonal Patterns:  Monthly             
  Inverse:            0                   

[1mModel Parameters[0m
  Top k:              5                   Num Kernels:        6                   
  Enc In:             5                   Dec In:             5                   
  C Out:              5                   d model:            128                 
  n heads:            8                   e layers:           2                   
  d layers:           1                   d FF:               64                  
  Moving Avg:         25                  Factor:             1                   
  Distil:             1                   Dropout:            0.1                 
  Embed:              timeF               Activation:         gelu                

[1mRun Parameters[0m
  Num Workers:        10                  Itr:                1                   
  Train Epochs:       150                 Batch Size:         32                  
  Patience:           999                 Learning Rate:      0.0001              
  Des:                Exp                 Loss:               MSE                 
  Lradj:              type1               Use Amp:            0                   

[1mGPU[0m
  Use GPU:            1                   GPU:                0                   
  Use Multi GPU:      0                   Devices:            0,1,2,3             

[1mDe-stationary Projector Params[0m
  P Hidden Dims:      128, 128            P Hidden Layers:    2                   

Please make sure you have successfully installed mamba_ssm
Use GPU: cuda:0
>>>>>>>start training : long_term_forecast_Exchange_14_Mamba_custom_ftM_sl96_ll48_pl14_dm128_nh8_el2_dl1_df64_expand2_dc4_fc1_ebtimeF_dtTrue_Exp_0>>>>>>>>>>>>>>>>>>>>>>>>>>
Overriding target from 'OT' to 'close' for stock data
============================================================
DATASET SPLIT INFO (90/5/5):
============================================================
Total samples: 4781
Train: 4302 samples (90%) - rows 0 to 4301
Val: 239 samples (5%) - rows 4302 to 4540
Test: 240 samples (5%) - rows 4541 to 4780
Sequence length: 96, Prediction length: 14
============================================================
train 4193
Overriding target from 'OT' to 'close' for stock data
val 226
Overriding target from 'OT' to 'close' for stock data
test 227
Validation loss decreased (inf --> 0.033847).  Saving model ...
Updating learning rate to 0.0001
Validation loss decreased (0.033847 --> 0.030993).  Saving model ...
Updating learning rate to 5e-05
EarlyStopping counter: 1 out of 999
Updating learning rate to 2.5e-05
EarlyStopping counter: 2 out of 999
Updating learning rate to 1.25e-05
EarlyStopping counter: 3 out of 999
Updating learning rate to 6.25e-06
EarlyStopping counter: 4 out of 999
Updating learning rate to 3.125e-06
EarlyStopping counter: 5 out of 999
Updating learning rate to 1.5625e-06
EarlyStopping counter: 6 out of 999
Updating learning rate to 7.8125e-07
EarlyStopping counter: 7 out of 999
Updating learning rate to 3.90625e-07
EarlyStopping counter: 8 out of 999
Updating learning rate to 1.953125e-07
EarlyStopping counter: 9 out of 999
Updating learning rate to 9.765625e-08
EarlyStopping counter: 10 out of 999
Updating learning rate to 4.8828125e-08
EarlyStopping counter: 11 out of 999
Updating learning rate to 2.44140625e-08
EarlyStopping counter: 12 out of 999
Updating learning rate to 1.220703125e-08
Validation loss decreased (0.030993 --> 0.030231).  Saving model ...
Updating learning rate to 6.103515625e-09
EarlyStopping counter: 1 out of 999
Updating learning rate to 3.0517578125e-09
EarlyStopping counter: 2 out of 999
Updating learning rate to 1.52587890625e-09
EarlyStopping counter: 3 out of 999
Updating learning rate to 7.62939453125e-10
EarlyStopping counter: 4 out of 999
Updating learning rate to 3.814697265625e-10
EarlyStopping counter: 5 out of 999
Updating learning rate to 1.9073486328125e-10
Validation loss decreased (0.030231 --> 0.030130).  Saving model ...
Updating learning rate to 9.5367431640625e-11
EarlyStopping counter: 1 out of 999
Updating learning rate to 4.76837158203125e-11
EarlyStopping counter: 2 out of 999
Updating learning rate to 2.384185791015625e-11
EarlyStopping counter: 3 out of 999
Updating learning rate to 1.1920928955078126e-11
EarlyStopping counter: 4 out of 999
Updating learning rate to 5.960464477539063e-12
EarlyStopping counter: 5 out of 999
Updating learning rate to 2.9802322387695314e-12
EarlyStopping counter: 6 out of 999
Updating learning rate to 1.4901161193847657e-12
EarlyStopping counter: 7 out of 999
Updating learning rate to 7.450580596923828e-13
EarlyStopping counter: 8 out of 999
Updating learning rate to 3.725290298461914e-13
EarlyStopping counter: 9 out of 999
Updating learning rate to 1.862645149230957e-13
EarlyStopping counter: 10 out of 999
Updating learning rate to 9.313225746154786e-14
EarlyStopping counter: 11 out of 999
Updating learning rate to 4.656612873077393e-14
EarlyStopping counter: 12 out of 999
Updating learning rate to 2.3283064365386964e-14
EarlyStopping counter: 13 out of 999
Updating learning rate to 1.1641532182693482e-14
EarlyStopping counter: 14 out of 999
Updating learning rate to 5.820766091346741e-15
EarlyStopping counter: 15 out of 999
Updating learning rate to 2.9103830456733705e-15
EarlyStopping counter: 16 out of 999
Updating learning rate to 1.4551915228366853e-15
EarlyStopping counter: 17 out of 999
Updating learning rate to 7.275957614183426e-16
EarlyStopping counter: 18 out of 999
Updating learning rate to 3.637978807091713e-16
Validation loss decreased (0.030130 --> 0.030113).  Saving model ...
Updating learning rate to 1.8189894035458566e-16
EarlyStopping counter: 1 out of 999
Updating learning rate to 9.094947017729283e-17
EarlyStopping counter: 2 out of 999
Updating learning rate to 4.5474735088646414e-17
EarlyStopping counter: 3 out of 999
Updating learning rate to 2.2737367544323207e-17
EarlyStopping counter: 4 out of 999
Updating learning rate to 1.1368683772161604e-17
EarlyStopping counter: 5 out of 999
Updating learning rate to 5.684341886080802e-18
EarlyStopping counter: 6 out of 999
Updating learning rate to 2.842170943040401e-18
EarlyStopping counter: 7 out of 999
Updating learning rate to 1.4210854715202004e-18
EarlyStopping counter: 8 out of 999
Updating learning rate to 7.105427357601002e-19
EarlyStopping counter: 9 out of 999
Updating learning rate to 3.552713678800501e-19
EarlyStopping counter: 10 out of 999
Updating learning rate to 1.7763568394002505e-19
EarlyStopping counter: 11 out of 999
Updating learning rate to 8.881784197001253e-20
EarlyStopping counter: 12 out of 999
Updating learning rate to 4.4408920985006264e-20
EarlyStopping counter: 13 out of 999
Updating learning rate to 2.2204460492503132e-20
EarlyStopping counter: 14 out of 999
Updating learning rate to 1.1102230246251566e-20
EarlyStopping counter: 15 out of 999
Updating learning rate to 5.551115123125783e-21
EarlyStopping counter: 16 out of 999
Updating learning rate to 2.7755575615628915e-21
EarlyStopping counter: 17 out of 999
Updating learning rate to 1.3877787807814457e-21
EarlyStopping counter: 18 out of 999
Updating learning rate to 6.938893903907229e-22
EarlyStopping counter: 19 out of 999
Updating learning rate to 3.4694469519536144e-22
EarlyStopping counter: 20 out of 999
Updating learning rate to 1.7347234759768072e-22
EarlyStopping counter: 21 out of 999
Updating learning rate to 8.673617379884036e-23
EarlyStopping counter: 22 out of 999
Updating learning rate to 4.336808689942018e-23
EarlyStopping counter: 23 out of 999
Updating learning rate to 2.168404344971009e-23
EarlyStopping counter: 24 out of 999
Updating learning rate to 1.0842021724855045e-23
EarlyStopping counter: 25 out of 999
Updating learning rate to 5.4210108624275224e-24
EarlyStopping counter: 26 out of 999
Updating learning rate to 2.7105054312137612e-24
EarlyStopping counter: 27 out of 999
Updating learning rate to 1.3552527156068806e-24
EarlyStopping counter: 28 out of 999
Updating learning rate to 6.776263578034403e-25
EarlyStopping counter: 29 out of 999
Updating learning rate to 3.3881317890172015e-25
EarlyStopping counter: 30 out of 999
Updating learning rate to 1.6940658945086008e-25
EarlyStopping counter: 31 out of 999
Updating learning rate to 8.470329472543004e-26
EarlyStopping counter: 32 out of 999
Updating learning rate to 4.235164736271502e-26
EarlyStopping counter: 33 out of 999
Updating learning rate to 2.117582368135751e-26
EarlyStopping counter: 34 out of 999
Updating learning rate to 1.0587911840678755e-26
Validation loss decreased (0.030113 --> 0.029687).  Saving model ...
Updating learning rate to 5.2939559203393774e-27
EarlyStopping counter: 1 out of 999
Updating learning rate to 2.6469779601696887e-27
EarlyStopping counter: 2 out of 999
Updating learning rate to 1.3234889800848443e-27
EarlyStopping counter: 3 out of 999
Updating learning rate to 6.617444900424222e-28
EarlyStopping counter: 4 out of 999
Updating learning rate to 3.308722450212111e-28
EarlyStopping counter: 5 out of 999
Updating learning rate to 1.6543612251060554e-28
EarlyStopping counter: 6 out of 999
Updating learning rate to 8.271806125530277e-29
EarlyStopping counter: 7 out of 999
Updating learning rate to 4.1359030627651386e-29
EarlyStopping counter: 8 out of 999
Updating learning rate to 2.0679515313825693e-29
EarlyStopping counter: 9 out of 999
Updating learning rate to 1.0339757656912846e-29
EarlyStopping counter: 10 out of 999
Updating learning rate to 5.169878828456423e-30
EarlyStopping counter: 11 out of 999
Updating learning rate to 2.5849394142282116e-30
EarlyStopping counter: 12 out of 999
Updating learning rate to 1.2924697071141058e-30
EarlyStopping counter: 13 out of 999
Updating learning rate to 6.462348535570529e-31
EarlyStopping counter: 14 out of 999
Updating learning rate to 3.2311742677852645e-31
EarlyStopping counter: 15 out of 999
Updating learning rate to 1.6155871338926323e-31
EarlyStopping counter: 16 out of 999
Updating learning rate to 8.077935669463161e-32
EarlyStopping counter: 17 out of 999
Updating learning rate to 4.0389678347315806e-32
EarlyStopping counter: 18 out of 999
Updating learning rate to 2.0194839173657903e-32
EarlyStopping counter: 19 out of 999
Updating learning rate to 1.0097419586828952e-32
EarlyStopping counter: 20 out of 999
Updating learning rate to 5.048709793414476e-33
EarlyStopping counter: 21 out of 999
Updating learning rate to 2.524354896707238e-33
EarlyStopping counter: 22 out of 999
Updating learning rate to 1.262177448353619e-33
EarlyStopping counter: 23 out of 999
Updating learning rate to 6.310887241768095e-34
EarlyStopping counter: 24 out of 999
Updating learning rate to 3.1554436208840474e-34
EarlyStopping counter: 25 out of 999
Updating learning rate to 1.5777218104420237e-34
EarlyStopping counter: 26 out of 999
Updating learning rate to 7.888609052210118e-35
EarlyStopping counter: 27 out of 999
Updating learning rate to 3.944304526105059e-35
EarlyStopping counter: 28 out of 999
Updating learning rate to 1.9721522630525296e-35
EarlyStopping counter: 29 out of 999
Updating learning rate to 9.860761315262648e-36
EarlyStopping counter: 30 out of 999
Updating learning rate to 4.930380657631324e-36
EarlyStopping counter: 31 out of 999
Updating learning rate to 2.465190328815662e-36
EarlyStopping counter: 32 out of 999
Updating learning rate to 1.232595164407831e-36
EarlyStopping counter: 33 out of 999
Updating learning rate to 6.162975822039155e-37
EarlyStopping counter: 34 out of 999
Updating learning rate to 3.0814879110195775e-37
EarlyStopping counter: 35 out of 999
Updating learning rate to 1.5407439555097888e-37
EarlyStopping counter: 36 out of 999
Updating learning rate to 7.703719777548944e-38
EarlyStopping counter: 37 out of 999
Updating learning rate to 3.851859888774472e-38
EarlyStopping counter: 38 out of 999
Updating learning rate to 1.925929944387236e-38
EarlyStopping counter: 39 out of 999
Updating learning rate to 9.62964972193618e-39
EarlyStopping counter: 40 out of 999
Updating learning rate to 4.81482486096809e-39
EarlyStopping counter: 41 out of 999
Updating learning rate to 2.407412430484045e-39
EarlyStopping counter: 42 out of 999
Updating learning rate to 1.2037062152420225e-39
EarlyStopping counter: 43 out of 999
Updating learning rate to 6.018531076210112e-40
EarlyStopping counter: 44 out of 999
Updating learning rate to 3.009265538105056e-40
EarlyStopping counter: 45 out of 999
Updating learning rate to 1.504632769052528e-40
EarlyStopping counter: 46 out of 999
Updating learning rate to 7.52316384526264e-41
EarlyStopping counter: 47 out of 999
Updating learning rate to 3.76158192263132e-41
EarlyStopping counter: 48 out of 999
Updating learning rate to 1.88079096131566e-41
EarlyStopping counter: 49 out of 999
Updating learning rate to 9.4039548065783e-42
EarlyStopping counter: 50 out of 999
Updating learning rate to 4.70197740328915e-42
EarlyStopping counter: 51 out of 999
Updating learning rate to 2.350988701644575e-42
EarlyStopping counter: 52 out of 999
Updating learning rate to 1.1754943508222876e-42
EarlyStopping counter: 53 out of 999
Updating learning rate to 5.877471754111438e-43
EarlyStopping counter: 54 out of 999
Updating learning rate to 2.938735877055719e-43
EarlyStopping counter: 55 out of 999
Updating learning rate to 1.4693679385278595e-43
EarlyStopping counter: 56 out of 999
Updating learning rate to 7.346839692639297e-44
EarlyStopping counter: 57 out of 999
Updating learning rate to 3.6734198463196486e-44
EarlyStopping counter: 58 out of 999
Updating learning rate to 1.8367099231598243e-44
EarlyStopping counter: 59 out of 999
Updating learning rate to 9.183549615799122e-45
EarlyStopping counter: 60 out of 999
Updating learning rate to 4.591774807899561e-45
EarlyStopping counter: 61 out of 999
Updating learning rate to 2.2958874039497804e-45
EarlyStopping counter: 62 out of 999
Updating learning rate to 1.1479437019748902e-45
EarlyStopping counter: 63 out of 999
Updating learning rate to 5.739718509874451e-46
EarlyStopping counter: 64 out of 999
Updating learning rate to 2.8698592549372255e-46
EarlyStopping counter: 65 out of 999
Updating learning rate to 1.4349296274686127e-46
EarlyStopping counter: 66 out of 999
Updating learning rate to 7.174648137343064e-47
EarlyStopping counter: 67 out of 999
Updating learning rate to 3.587324068671532e-47
EarlyStopping counter: 68 out of 999
Updating learning rate to 1.793662034335766e-47
EarlyStopping counter: 69 out of 999
Updating learning rate to 8.96831017167883e-48
EarlyStopping counter: 70 out of 999
Updating learning rate to 4.484155085839415e-48
EarlyStopping counter: 71 out of 999
Updating learning rate to 2.2420775429197074e-48
EarlyStopping counter: 72 out of 999
Updating learning rate to 1.1210387714598537e-48
EarlyStopping counter: 73 out of 999
Updating learning rate to 5.6051938572992686e-49
EarlyStopping counter: 74 out of 999
Updating learning rate to 2.8025969286496343e-49
EarlyStopping counter: 75 out of 999
Updating learning rate to 1.4012984643248171e-49
>>>>>>>testing : long_term_forecast_Exchange_14_Mamba_custom_ftM_sl96_ll48_pl14_dm128_nh8_el2_dl1_df64_expand2_dc4_fc1_ebtimeF_dtTrue_Exp_0<<<<<<<<<<<<<<<<<<<<<<<<<<<<<<<<<
Overriding target from 'OT' to 'close' for stock data
test 227
test shape: (227, 14, 5) (227, 14, 5)
test shape: (227, 14, 5) (227, 14, 5)


	mse:0.059174686670303345, mae:0.1036163941025734, rmse:0.24325847625732422, r2:0.7753896862268448, dtw:Not calculated


VAL - MSE: 0.0592, MAE: 0.1036, RMSE: 0.2433, R²: 0.7754, MAPE: 0.32%
