##############################################################################
# Training FEDformer Model on All Datasets
##############################################################################
Training: FEDformer on NVIDIA for H=3
usage: run.py [-h] --task_name TASK_NAME --is_training IS_TRAINING --model_id
              MODEL_ID --model MODEL --data DATA [--root_path ROOT_PATH]
              [--data_path DATA_PATH] [--features FEATURES] [--target TARGET]
              [--freq FREQ] [--checkpoints CHECKPOINTS] [--seq_len SEQ_LEN]
              [--label_len LABEL_LEN] [--pred_len PRED_LEN]
              [--seasonal_patterns SEASONAL_PATTERNS] [--inverse]
              [--mask_rate MASK_RATE] [--anomaly_ratio ANOMALY_RATIO]
              [--expand EXPAND] [--d_conv D_CONV] [--top_k TOP_K]
              [--num_kernels NUM_KERNELS] [--enc_in ENC_IN] [--dec_in DEC_IN]
              [--c_out C_OUT] [--d_model D_MODEL] [--n_heads N_HEADS]
              [--e_layers E_LAYERS] [--d_layers D_LAYERS] [--d_ff D_FF]
              [--moving_avg MOVING_AVG] [--factor FACTOR] [--distil]
              [--dropout DROPOUT] [--embed EMBED] [--activation ACTIVATION]
              [--channel_independence CHANNEL_INDEPENDENCE]
              [--decomp_method DECOMP_METHOD] [--use_norm USE_NORM]
              [--down_sampling_layers DOWN_SAMPLING_LAYERS]
              [--down_sampling_window DOWN_SAMPLING_WINDOW]
              [--down_sampling_method DOWN_SAMPLING_METHOD]
              [--seg_len SEG_LEN] [--num_workers NUM_WORKERS] [--itr ITR]
              [--train_epochs TRAIN_EPOCHS] [--batch_size BATCH_SIZE]
              [--patience PATIENCE] [--learning_rate LEARNING_RATE]
              [--des DES] [--loss LOSS] [--lradj LRADJ] [--use_amp]
              [--use_gpu USE_GPU] [--gpu GPU] [--gpu_type GPU_TYPE]
              [--use_multi_gpu] [--devices DEVICES]
              [--p_hidden_dims P_HIDDEN_DIMS [P_HIDDEN_DIMS ...]]
              [--p_hidden_layers P_HIDDEN_LAYERS] [--use_dtw USE_DTW]
              [--augmentation_ratio AUGMENTATION_RATIO] [--seed SEED]
              [--jitter] [--scaling] [--permutation] [--randompermutation]
              [--magwarp] [--timewarp] [--windowslice] [--windowwarp]
              [--rotation] [--spawner] [--dtwwarp] [--shapedtwwarp] [--wdba]
              [--discdtw] [--discsdtw] [--extra_tag EXTRA_TAG]
              [--patch_len PATCH_LEN]
run.py: error: unrecognized arguments: --version Fourier --mode_select random --modes 32 --L 3
Completed: NVIDIA H=3

Training: FEDformer on NVIDIA for H=5
usage: run.py [-h] --task_name TASK_NAME --is_training IS_TRAINING --model_id
              MODEL_ID --model MODEL --data DATA [--root_path ROOT_PATH]
              [--data_path DATA_PATH] [--features FEATURES] [--target TARGET]
              [--freq FREQ] [--checkpoints CHECKPOINTS] [--seq_len SEQ_LEN]
              [--label_len LABEL_LEN] [--pred_len PRED_LEN]
              [--seasonal_patterns SEASONAL_PATTERNS] [--inverse]
              [--mask_rate MASK_RATE] [--anomaly_ratio ANOMALY_RATIO]
              [--expand EXPAND] [--d_conv D_CONV] [--top_k TOP_K]
              [--num_kernels NUM_KERNELS] [--enc_in ENC_IN] [--dec_in DEC_IN]
              [--c_out C_OUT] [--d_model D_MODEL] [--n_heads N_HEADS]
              [--e_layers E_LAYERS] [--d_layers D_LAYERS] [--d_ff D_FF]
              [--moving_avg MOVING_AVG] [--factor FACTOR] [--distil]
              [--dropout DROPOUT] [--embed EMBED] [--activation ACTIVATION]
              [--channel_independence CHANNEL_INDEPENDENCE]
              [--decomp_method DECOMP_METHOD] [--use_norm USE_NORM]
              [--down_sampling_layers DOWN_SAMPLING_LAYERS]
              [--down_sampling_window DOWN_SAMPLING_WINDOW]
              [--down_sampling_method DOWN_SAMPLING_METHOD]
              [--seg_len SEG_LEN] [--num_workers NUM_WORKERS] [--itr ITR]
              [--train_epochs TRAIN_EPOCHS] [--batch_size BATCH_SIZE]
              [--patience PATIENCE] [--learning_rate LEARNING_RATE]
              [--des DES] [--loss LOSS] [--lradj LRADJ] [--use_amp]
              [--use_gpu USE_GPU] [--gpu GPU] [--gpu_type GPU_TYPE]
              [--use_multi_gpu] [--devices DEVICES]
              [--p_hidden_dims P_HIDDEN_DIMS [P_HIDDEN_DIMS ...]]
              [--p_hidden_layers P_HIDDEN_LAYERS] [--use_dtw USE_DTW]
              [--augmentation_ratio AUGMENTATION_RATIO] [--seed SEED]
              [--jitter] [--scaling] [--permutation] [--randompermutation]
              [--magwarp] [--timewarp] [--windowslice] [--windowwarp]
              [--rotation] [--spawner] [--dtwwarp] [--shapedtwwarp] [--wdba]
              [--discdtw] [--discsdtw] [--extra_tag EXTRA_TAG]
              [--patch_len PATCH_LEN]
run.py: error: unrecognized arguments: --version Fourier --mode_select random --modes 32 --L 3
Completed: NVIDIA H=5

Training: FEDformer on NVIDIA for H=10
usage: run.py [-h] --task_name TASK_NAME --is_training IS_TRAINING --model_id
              MODEL_ID --model MODEL --data DATA [--root_path ROOT_PATH]
              [--data_path DATA_PATH] [--features FEATURES] [--target TARGET]
              [--freq FREQ] [--checkpoints CHECKPOINTS] [--seq_len SEQ_LEN]
              [--label_len LABEL_LEN] [--pred_len PRED_LEN]
              [--seasonal_patterns SEASONAL_PATTERNS] [--inverse]
              [--mask_rate MASK_RATE] [--anomaly_ratio ANOMALY_RATIO]
              [--expand EXPAND] [--d_conv D_CONV] [--top_k TOP_K]
              [--num_kernels NUM_KERNELS] [--enc_in ENC_IN] [--dec_in DEC_IN]
              [--c_out C_OUT] [--d_model D_MODEL] [--n_heads N_HEADS]
              [--e_layers E_LAYERS] [--d_layers D_LAYERS] [--d_ff D_FF]
              [--moving_avg MOVING_AVG] [--factor FACTOR] [--distil]
              [--dropout DROPOUT] [--embed EMBED] [--activation ACTIVATION]
              [--channel_independence CHANNEL_INDEPENDENCE]
              [--decomp_method DECOMP_METHOD] [--use_norm USE_NORM]
              [--down_sampling_layers DOWN_SAMPLING_LAYERS]
              [--down_sampling_window DOWN_SAMPLING_WINDOW]
              [--down_sampling_method DOWN_SAMPLING_METHOD]
              [--seg_len SEG_LEN] [--num_workers NUM_WORKERS] [--itr ITR]
              [--train_epochs TRAIN_EPOCHS] [--batch_size BATCH_SIZE]
              [--patience PATIENCE] [--learning_rate LEARNING_RATE]
              [--des DES] [--loss LOSS] [--lradj LRADJ] [--use_amp]
              [--use_gpu USE_GPU] [--gpu GPU] [--gpu_type GPU_TYPE]
              [--use_multi_gpu] [--devices DEVICES]
              [--p_hidden_dims P_HIDDEN_DIMS [P_HIDDEN_DIMS ...]]
              [--p_hidden_layers P_HIDDEN_LAYERS] [--use_dtw USE_DTW]
              [--augmentation_ratio AUGMENTATION_RATIO] [--seed SEED]
              [--jitter] [--scaling] [--permutation] [--randompermutation]
              [--magwarp] [--timewarp] [--windowslice] [--windowwarp]
              [--rotation] [--spawner] [--dtwwarp] [--shapedtwwarp] [--wdba]
              [--discdtw] [--discsdtw] [--extra_tag EXTRA_TAG]
              [--patch_len PATCH_LEN]
run.py: error: unrecognized arguments: --version Fourier --mode_select random --modes 32 --L 3
Completed: NVIDIA H=10

Training: FEDformer on NVIDIA for H=22
usage: run.py [-h] --task_name TASK_NAME --is_training IS_TRAINING --model_id
              MODEL_ID --model MODEL --data DATA [--root_path ROOT_PATH]
              [--data_path DATA_PATH] [--features FEATURES] [--target TARGET]
              [--freq FREQ] [--checkpoints CHECKPOINTS] [--seq_len SEQ_LEN]
              [--label_len LABEL_LEN] [--pred_len PRED_LEN]
              [--seasonal_patterns SEASONAL_PATTERNS] [--inverse]
              [--mask_rate MASK_RATE] [--anomaly_ratio ANOMALY_RATIO]
              [--expand EXPAND] [--d_conv D_CONV] [--top_k TOP_K]
              [--num_kernels NUM_KERNELS] [--enc_in ENC_IN] [--dec_in DEC_IN]
              [--c_out C_OUT] [--d_model D_MODEL] [--n_heads N_HEADS]
              [--e_layers E_LAYERS] [--d_layers D_LAYERS] [--d_ff D_FF]
              [--moving_avg MOVING_AVG] [--factor FACTOR] [--distil]
              [--dropout DROPOUT] [--embed EMBED] [--activation ACTIVATION]
              [--channel_independence CHANNEL_INDEPENDENCE]
              [--decomp_method DECOMP_METHOD] [--use_norm USE_NORM]
              [--down_sampling_layers DOWN_SAMPLING_LAYERS]
              [--down_sampling_window DOWN_SAMPLING_WINDOW]
              [--down_sampling_method DOWN_SAMPLING_METHOD]
              [--seg_len SEG_LEN] [--num_workers NUM_WORKERS] [--itr ITR]
              [--train_epochs TRAIN_EPOCHS] [--batch_size BATCH_SIZE]
              [--patience PATIENCE] [--learning_rate LEARNING_RATE]
              [--des DES] [--loss LOSS] [--lradj LRADJ] [--use_amp]
              [--use_gpu USE_GPU] [--gpu GPU] [--gpu_type GPU_TYPE]
              [--use_multi_gpu] [--devices DEVICES]
              [--p_hidden_dims P_HIDDEN_DIMS [P_HIDDEN_DIMS ...]]
              [--p_hidden_layers P_HIDDEN_LAYERS] [--use_dtw USE_DTW]
              [--augmentation_ratio AUGMENTATION_RATIO] [--seed SEED]
              [--jitter] [--scaling] [--permutation] [--randompermutation]
              [--magwarp] [--timewarp] [--windowslice] [--windowwarp]
              [--rotation] [--spawner] [--dtwwarp] [--shapedtwwarp] [--wdba]
              [--discdtw] [--discsdtw] [--extra_tag EXTRA_TAG]
              [--patch_len PATCH_LEN]
run.py: error: unrecognized arguments: --version Fourier --mode_select random --modes 32 --L 3
Completed: NVIDIA H=22

Training: FEDformer on NVIDIA for H=50
usage: run.py [-h] --task_name TASK_NAME --is_training IS_TRAINING --model_id
              MODEL_ID --model MODEL --data DATA [--root_path ROOT_PATH]
              [--data_path DATA_PATH] [--features FEATURES] [--target TARGET]
              [--freq FREQ] [--checkpoints CHECKPOINTS] [--seq_len SEQ_LEN]
              [--label_len LABEL_LEN] [--pred_len PRED_LEN]
              [--seasonal_patterns SEASONAL_PATTERNS] [--inverse]
              [--mask_rate MASK_RATE] [--anomaly_ratio ANOMALY_RATIO]
              [--expand EXPAND] [--d_conv D_CONV] [--top_k TOP_K]
              [--num_kernels NUM_KERNELS] [--enc_in ENC_IN] [--dec_in DEC_IN]
              [--c_out C_OUT] [--d_model D_MODEL] [--n_heads N_HEADS]
              [--e_layers E_LAYERS] [--d_layers D_LAYERS] [--d_ff D_FF]
              [--moving_avg MOVING_AVG] [--factor FACTOR] [--distil]
              [--dropout DROPOUT] [--embed EMBED] [--activation ACTIVATION]
              [--channel_independence CHANNEL_INDEPENDENCE]
              [--decomp_method DECOMP_METHOD] [--use_norm USE_NORM]
              [--down_sampling_layers DOWN_SAMPLING_LAYERS]
              [--down_sampling_window DOWN_SAMPLING_WINDOW]
              [--down_sampling_method DOWN_SAMPLING_METHOD]
              [--seg_len SEG_LEN] [--num_workers NUM_WORKERS] [--itr ITR]
              [--train_epochs TRAIN_EPOCHS] [--batch_size BATCH_SIZE]
              [--patience PATIENCE] [--learning_rate LEARNING_RATE]
              [--des DES] [--loss LOSS] [--lradj LRADJ] [--use_amp]
              [--use_gpu USE_GPU] [--gpu GPU] [--gpu_type GPU_TYPE]
              [--use_multi_gpu] [--devices DEVICES]
              [--p_hidden_dims P_HIDDEN_DIMS [P_HIDDEN_DIMS ...]]
              [--p_hidden_layers P_HIDDEN_LAYERS] [--use_dtw USE_DTW]
              [--augmentation_ratio AUGMENTATION_RATIO] [--seed SEED]
              [--jitter] [--scaling] [--permutation] [--randompermutation]
              [--magwarp] [--timewarp] [--windowslice] [--windowwarp]
              [--rotation] [--spawner] [--dtwwarp] [--shapedtwwarp] [--wdba]
              [--discdtw] [--discsdtw] [--extra_tag EXTRA_TAG]
              [--patch_len PATCH_LEN]
run.py: error: unrecognized arguments: --version Fourier --mode_select random --modes 32 --L 3
Completed: NVIDIA H=50

Training: FEDformer on NVIDIA for H=100
usage: run.py [-h] --task_name TASK_NAME --is_training IS_TRAINING --model_id
              MODEL_ID --model MODEL --data DATA [--root_path ROOT_PATH]
              [--data_path DATA_PATH] [--features FEATURES] [--target TARGET]
              [--freq FREQ] [--checkpoints CHECKPOINTS] [--seq_len SEQ_LEN]
              [--label_len LABEL_LEN] [--pred_len PRED_LEN]
              [--seasonal_patterns SEASONAL_PATTERNS] [--inverse]
              [--mask_rate MASK_RATE] [--anomaly_ratio ANOMALY_RATIO]
              [--expand EXPAND] [--d_conv D_CONV] [--top_k TOP_K]
              [--num_kernels NUM_KERNELS] [--enc_in ENC_IN] [--dec_in DEC_IN]
              [--c_out C_OUT] [--d_model D_MODEL] [--n_heads N_HEADS]
              [--e_layers E_LAYERS] [--d_layers D_LAYERS] [--d_ff D_FF]
              [--moving_avg MOVING_AVG] [--factor FACTOR] [--distil]
              [--dropout DROPOUT] [--embed EMBED] [--activation ACTIVATION]
              [--channel_independence CHANNEL_INDEPENDENCE]
              [--decomp_method DECOMP_METHOD] [--use_norm USE_NORM]
              [--down_sampling_layers DOWN_SAMPLING_LAYERS]
              [--down_sampling_window DOWN_SAMPLING_WINDOW]
              [--down_sampling_method DOWN_SAMPLING_METHOD]
              [--seg_len SEG_LEN] [--num_workers NUM_WORKERS] [--itr ITR]
              [--train_epochs TRAIN_EPOCHS] [--batch_size BATCH_SIZE]
              [--patience PATIENCE] [--learning_rate LEARNING_RATE]
              [--des DES] [--loss LOSS] [--lradj LRADJ] [--use_amp]
              [--use_gpu USE_GPU] [--gpu GPU] [--gpu_type GPU_TYPE]
              [--use_multi_gpu] [--devices DEVICES]
              [--p_hidden_dims P_HIDDEN_DIMS [P_HIDDEN_DIMS ...]]
              [--p_hidden_layers P_HIDDEN_LAYERS] [--use_dtw USE_DTW]
              [--augmentation_ratio AUGMENTATION_RATIO] [--seed SEED]
              [--jitter] [--scaling] [--permutation] [--randompermutation]
              [--magwarp] [--timewarp] [--windowslice] [--windowwarp]
              [--rotation] [--spawner] [--dtwwarp] [--shapedtwwarp] [--wdba]
              [--discdtw] [--discsdtw] [--extra_tag EXTRA_TAG]
              [--patch_len PATCH_LEN]
run.py: error: unrecognized arguments: --version Fourier --mode_select random --modes 32 --L 3
Completed: NVIDIA H=100

Training: FEDformer on APPLE for H=3
usage: run.py [-h] --task_name TASK_NAME --is_training IS_TRAINING --model_id
              MODEL_ID --model MODEL --data DATA [--root_path ROOT_PATH]
              [--data_path DATA_PATH] [--features FEATURES] [--target TARGET]
              [--freq FREQ] [--checkpoints CHECKPOINTS] [--seq_len SEQ_LEN]
              [--label_len LABEL_LEN] [--pred_len PRED_LEN]
              [--seasonal_patterns SEASONAL_PATTERNS] [--inverse]
              [--mask_rate MASK_RATE] [--anomaly_ratio ANOMALY_RATIO]
              [--expand EXPAND] [--d_conv D_CONV] [--top_k TOP_K]
              [--num_kernels NUM_KERNELS] [--enc_in ENC_IN] [--dec_in DEC_IN]
              [--c_out C_OUT] [--d_model D_MODEL] [--n_heads N_HEADS]
              [--e_layers E_LAYERS] [--d_layers D_LAYERS] [--d_ff D_FF]
              [--moving_avg MOVING_AVG] [--factor FACTOR] [--distil]
              [--dropout DROPOUT] [--embed EMBED] [--activation ACTIVATION]
              [--channel_independence CHANNEL_INDEPENDENCE]
              [--decomp_method DECOMP_METHOD] [--use_norm USE_NORM]
              [--down_sampling_layers DOWN_SAMPLING_LAYERS]
              [--down_sampling_window DOWN_SAMPLING_WINDOW]
              [--down_sampling_method DOWN_SAMPLING_METHOD]
              [--seg_len SEG_LEN] [--num_workers NUM_WORKERS] [--itr ITR]
              [--train_epochs TRAIN_EPOCHS] [--batch_size BATCH_SIZE]
              [--patience PATIENCE] [--learning_rate LEARNING_RATE]
              [--des DES] [--loss LOSS] [--lradj LRADJ] [--use_amp]
              [--use_gpu USE_GPU] [--gpu GPU] [--gpu_type GPU_TYPE]
              [--use_multi_gpu] [--devices DEVICES]
              [--p_hidden_dims P_HIDDEN_DIMS [P_HIDDEN_DIMS ...]]
              [--p_hidden_layers P_HIDDEN_LAYERS] [--use_dtw USE_DTW]
              [--augmentation_ratio AUGMENTATION_RATIO] [--seed SEED]
              [--jitter] [--scaling] [--permutation] [--randompermutation]
              [--magwarp] [--timewarp] [--windowslice] [--windowwarp]
              [--rotation] [--spawner] [--dtwwarp] [--shapedtwwarp] [--wdba]
              [--discdtw] [--discsdtw] [--extra_tag EXTRA_TAG]
              [--patch_len PATCH_LEN]
run.py: error: unrecognized arguments: --version Fourier --mode_select random --modes 32 --L 3
Completed: APPLE H=3

Training: FEDformer on APPLE for H=5
usage: run.py [-h] --task_name TASK_NAME --is_training IS_TRAINING --model_id
              MODEL_ID --model MODEL --data DATA [--root_path ROOT_PATH]
              [--data_path DATA_PATH] [--features FEATURES] [--target TARGET]
              [--freq FREQ] [--checkpoints CHECKPOINTS] [--seq_len SEQ_LEN]
              [--label_len LABEL_LEN] [--pred_len PRED_LEN]
              [--seasonal_patterns SEASONAL_PATTERNS] [--inverse]
              [--mask_rate MASK_RATE] [--anomaly_ratio ANOMALY_RATIO]
              [--expand EXPAND] [--d_conv D_CONV] [--top_k TOP_K]
              [--num_kernels NUM_KERNELS] [--enc_in ENC_IN] [--dec_in DEC_IN]
              [--c_out C_OUT] [--d_model D_MODEL] [--n_heads N_HEADS]
              [--e_layers E_LAYERS] [--d_layers D_LAYERS] [--d_ff D_FF]
              [--moving_avg MOVING_AVG] [--factor FACTOR] [--distil]
              [--dropout DROPOUT] [--embed EMBED] [--activation ACTIVATION]
              [--channel_independence CHANNEL_INDEPENDENCE]
              [--decomp_method DECOMP_METHOD] [--use_norm USE_NORM]
              [--down_sampling_layers DOWN_SAMPLING_LAYERS]
              [--down_sampling_window DOWN_SAMPLING_WINDOW]
              [--down_sampling_method DOWN_SAMPLING_METHOD]
              [--seg_len SEG_LEN] [--num_workers NUM_WORKERS] [--itr ITR]
              [--train_epochs TRAIN_EPOCHS] [--batch_size BATCH_SIZE]
              [--patience PATIENCE] [--learning_rate LEARNING_RATE]
              [--des DES] [--loss LOSS] [--lradj LRADJ] [--use_amp]
              [--use_gpu USE_GPU] [--gpu GPU] [--gpu_type GPU_TYPE]
              [--use_multi_gpu] [--devices DEVICES]
              [--p_hidden_dims P_HIDDEN_DIMS [P_HIDDEN_DIMS ...]]
              [--p_hidden_layers P_HIDDEN_LAYERS] [--use_dtw USE_DTW]
              [--augmentation_ratio AUGMENTATION_RATIO] [--seed SEED]
              [--jitter] [--scaling] [--permutation] [--randompermutation]
              [--magwarp] [--timewarp] [--windowslice] [--windowwarp]
              [--rotation] [--spawner] [--dtwwarp] [--shapedtwwarp] [--wdba]
              [--discdtw] [--discsdtw] [--extra_tag EXTRA_TAG]
              [--patch_len PATCH_LEN]
run.py: error: unrecognized arguments: --version Fourier --mode_select random --modes 32 --L 3
Completed: APPLE H=5

Training: FEDformer on APPLE for H=10
usage: run.py [-h] --task_name TASK_NAME --is_training IS_TRAINING --model_id
              MODEL_ID --model MODEL --data DATA [--root_path ROOT_PATH]
              [--data_path DATA_PATH] [--features FEATURES] [--target TARGET]
              [--freq FREQ] [--checkpoints CHECKPOINTS] [--seq_len SEQ_LEN]
              [--label_len LABEL_LEN] [--pred_len PRED_LEN]
              [--seasonal_patterns SEASONAL_PATTERNS] [--inverse]
              [--mask_rate MASK_RATE] [--anomaly_ratio ANOMALY_RATIO]
              [--expand EXPAND] [--d_conv D_CONV] [--top_k TOP_K]
              [--num_kernels NUM_KERNELS] [--enc_in ENC_IN] [--dec_in DEC_IN]
              [--c_out C_OUT] [--d_model D_MODEL] [--n_heads N_HEADS]
              [--e_layers E_LAYERS] [--d_layers D_LAYERS] [--d_ff D_FF]
              [--moving_avg MOVING_AVG] [--factor FACTOR] [--distil]
              [--dropout DROPOUT] [--embed EMBED] [--activation ACTIVATION]
              [--channel_independence CHANNEL_INDEPENDENCE]
              [--decomp_method DECOMP_METHOD] [--use_norm USE_NORM]
              [--down_sampling_layers DOWN_SAMPLING_LAYERS]
              [--down_sampling_window DOWN_SAMPLING_WINDOW]
              [--down_sampling_method DOWN_SAMPLING_METHOD]
              [--seg_len SEG_LEN] [--num_workers NUM_WORKERS] [--itr ITR]
              [--train_epochs TRAIN_EPOCHS] [--batch_size BATCH_SIZE]
              [--patience PATIENCE] [--learning_rate LEARNING_RATE]
              [--des DES] [--loss LOSS] [--lradj LRADJ] [--use_amp]
              [--use_gpu USE_GPU] [--gpu GPU] [--gpu_type GPU_TYPE]
              [--use_multi_gpu] [--devices DEVICES]
              [--p_hidden_dims P_HIDDEN_DIMS [P_HIDDEN_DIMS ...]]
              [--p_hidden_layers P_HIDDEN_LAYERS] [--use_dtw USE_DTW]
              [--augmentation_ratio AUGMENTATION_RATIO] [--seed SEED]
              [--jitter] [--scaling] [--permutation] [--randompermutation]
              [--magwarp] [--timewarp] [--windowslice] [--windowwarp]
              [--rotation] [--spawner] [--dtwwarp] [--shapedtwwarp] [--wdba]
              [--discdtw] [--discsdtw] [--extra_tag EXTRA_TAG]
              [--patch_len PATCH_LEN]
run.py: error: unrecognized arguments: --version Fourier --mode_select random --modes 32 --L 3
Completed: APPLE H=10

Training: FEDformer on APPLE for H=22
usage: run.py [-h] --task_name TASK_NAME --is_training IS_TRAINING --model_id
              MODEL_ID --model MODEL --data DATA [--root_path ROOT_PATH]
              [--data_path DATA_PATH] [--features FEATURES] [--target TARGET]
              [--freq FREQ] [--checkpoints CHECKPOINTS] [--seq_len SEQ_LEN]
              [--label_len LABEL_LEN] [--pred_len PRED_LEN]
              [--seasonal_patterns SEASONAL_PATTERNS] [--inverse]
              [--mask_rate MASK_RATE] [--anomaly_ratio ANOMALY_RATIO]
              [--expand EXPAND] [--d_conv D_CONV] [--top_k TOP_K]
              [--num_kernels NUM_KERNELS] [--enc_in ENC_IN] [--dec_in DEC_IN]
              [--c_out C_OUT] [--d_model D_MODEL] [--n_heads N_HEADS]
              [--e_layers E_LAYERS] [--d_layers D_LAYERS] [--d_ff D_FF]
              [--moving_avg MOVING_AVG] [--factor FACTOR] [--distil]
              [--dropout DROPOUT] [--embed EMBED] [--activation ACTIVATION]
              [--channel_independence CHANNEL_INDEPENDENCE]
              [--decomp_method DECOMP_METHOD] [--use_norm USE_NORM]
              [--down_sampling_layers DOWN_SAMPLING_LAYERS]
              [--down_sampling_window DOWN_SAMPLING_WINDOW]
              [--down_sampling_method DOWN_SAMPLING_METHOD]
              [--seg_len SEG_LEN] [--num_workers NUM_WORKERS] [--itr ITR]
              [--train_epochs TRAIN_EPOCHS] [--batch_size BATCH_SIZE]
              [--patience PATIENCE] [--learning_rate LEARNING_RATE]
              [--des DES] [--loss LOSS] [--lradj LRADJ] [--use_amp]
              [--use_gpu USE_GPU] [--gpu GPU] [--gpu_type GPU_TYPE]
              [--use_multi_gpu] [--devices DEVICES]
              [--p_hidden_dims P_HIDDEN_DIMS [P_HIDDEN_DIMS ...]]
              [--p_hidden_layers P_HIDDEN_LAYERS] [--use_dtw USE_DTW]
              [--augmentation_ratio AUGMENTATION_RATIO] [--seed SEED]
              [--jitter] [--scaling] [--permutation] [--randompermutation]
              [--magwarp] [--timewarp] [--windowslice] [--windowwarp]
              [--rotation] [--spawner] [--dtwwarp] [--shapedtwwarp] [--wdba]
              [--discdtw] [--discsdtw] [--extra_tag EXTRA_TAG]
              [--patch_len PATCH_LEN]
run.py: error: unrecognized arguments: --version Fourier --mode_select random --modes 32 --L 3
Completed: APPLE H=22

Training: FEDformer on APPLE for H=50
usage: run.py [-h] --task_name TASK_NAME --is_training IS_TRAINING --model_id
              MODEL_ID --model MODEL --data DATA [--root_path ROOT_PATH]
              [--data_path DATA_PATH] [--features FEATURES] [--target TARGET]
              [--freq FREQ] [--checkpoints CHECKPOINTS] [--seq_len SEQ_LEN]
              [--label_len LABEL_LEN] [--pred_len PRED_LEN]
              [--seasonal_patterns SEASONAL_PATTERNS] [--inverse]
              [--mask_rate MASK_RATE] [--anomaly_ratio ANOMALY_RATIO]
              [--expand EXPAND] [--d_conv D_CONV] [--top_k TOP_K]
              [--num_kernels NUM_KERNELS] [--enc_in ENC_IN] [--dec_in DEC_IN]
              [--c_out C_OUT] [--d_model D_MODEL] [--n_heads N_HEADS]
              [--e_layers E_LAYERS] [--d_layers D_LAYERS] [--d_ff D_FF]
              [--moving_avg MOVING_AVG] [--factor FACTOR] [--distil]
              [--dropout DROPOUT] [--embed EMBED] [--activation ACTIVATION]
              [--channel_independence CHANNEL_INDEPENDENCE]
              [--decomp_method DECOMP_METHOD] [--use_norm USE_NORM]
              [--down_sampling_layers DOWN_SAMPLING_LAYERS]
              [--down_sampling_window DOWN_SAMPLING_WINDOW]
              [--down_sampling_method DOWN_SAMPLING_METHOD]
              [--seg_len SEG_LEN] [--num_workers NUM_WORKERS] [--itr ITR]
              [--train_epochs TRAIN_EPOCHS] [--batch_size BATCH_SIZE]
              [--patience PATIENCE] [--learning_rate LEARNING_RATE]
              [--des DES] [--loss LOSS] [--lradj LRADJ] [--use_amp]
              [--use_gpu USE_GPU] [--gpu GPU] [--gpu_type GPU_TYPE]
              [--use_multi_gpu] [--devices DEVICES]
              [--p_hidden_dims P_HIDDEN_DIMS [P_HIDDEN_DIMS ...]]
              [--p_hidden_layers P_HIDDEN_LAYERS] [--use_dtw USE_DTW]
              [--augmentation_ratio AUGMENTATION_RATIO] [--seed SEED]
              [--jitter] [--scaling] [--permutation] [--randompermutation]
              [--magwarp] [--timewarp] [--windowslice] [--windowwarp]
              [--rotation] [--spawner] [--dtwwarp] [--shapedtwwarp] [--wdba]
              [--discdtw] [--discsdtw] [--extra_tag EXTRA_TAG]
              [--patch_len PATCH_LEN]
run.py: error: unrecognized arguments: --version Fourier --mode_select random --modes 32 --L 3
Completed: APPLE H=50

Training: FEDformer on APPLE for H=100
usage: run.py [-h] --task_name TASK_NAME --is_training IS_TRAINING --model_id
              MODEL_ID --model MODEL --data DATA [--root_path ROOT_PATH]
              [--data_path DATA_PATH] [--features FEATURES] [--target TARGET]
              [--freq FREQ] [--checkpoints CHECKPOINTS] [--seq_len SEQ_LEN]
              [--label_len LABEL_LEN] [--pred_len PRED_LEN]
              [--seasonal_patterns SEASONAL_PATTERNS] [--inverse]
              [--mask_rate MASK_RATE] [--anomaly_ratio ANOMALY_RATIO]
              [--expand EXPAND] [--d_conv D_CONV] [--top_k TOP_K]
              [--num_kernels NUM_KERNELS] [--enc_in ENC_IN] [--dec_in DEC_IN]
              [--c_out C_OUT] [--d_model D_MODEL] [--n_heads N_HEADS]
              [--e_layers E_LAYERS] [--d_layers D_LAYERS] [--d_ff D_FF]
              [--moving_avg MOVING_AVG] [--factor FACTOR] [--distil]
              [--dropout DROPOUT] [--embed EMBED] [--activation ACTIVATION]
              [--channel_independence CHANNEL_INDEPENDENCE]
              [--decomp_method DECOMP_METHOD] [--use_norm USE_NORM]
              [--down_sampling_layers DOWN_SAMPLING_LAYERS]
              [--down_sampling_window DOWN_SAMPLING_WINDOW]
              [--down_sampling_method DOWN_SAMPLING_METHOD]
              [--seg_len SEG_LEN] [--num_workers NUM_WORKERS] [--itr ITR]
              [--train_epochs TRAIN_EPOCHS] [--batch_size BATCH_SIZE]
              [--patience PATIENCE] [--learning_rate LEARNING_RATE]
              [--des DES] [--loss LOSS] [--lradj LRADJ] [--use_amp]
              [--use_gpu USE_GPU] [--gpu GPU] [--gpu_type GPU_TYPE]
              [--use_multi_gpu] [--devices DEVICES]
              [--p_hidden_dims P_HIDDEN_DIMS [P_HIDDEN_DIMS ...]]
              [--p_hidden_layers P_HIDDEN_LAYERS] [--use_dtw USE_DTW]
              [--augmentation_ratio AUGMENTATION_RATIO] [--seed SEED]
              [--jitter] [--scaling] [--permutation] [--randompermutation]
              [--magwarp] [--timewarp] [--windowslice] [--windowwarp]
              [--rotation] [--spawner] [--dtwwarp] [--shapedtwwarp] [--wdba]
              [--discdtw] [--discsdtw] [--extra_tag EXTRA_TAG]
              [--patch_len PATCH_LEN]
run.py: error: unrecognized arguments: --version Fourier --mode_select random --modes 32 --L 3
Completed: APPLE H=100

Training: FEDformer on SP500 for H=3
usage: run.py [-h] --task_name TASK_NAME --is_training IS_TRAINING --model_id
              MODEL_ID --model MODEL --data DATA [--root_path ROOT_PATH]
              [--data_path DATA_PATH] [--features FEATURES] [--target TARGET]
              [--freq FREQ] [--checkpoints CHECKPOINTS] [--seq_len SEQ_LEN]
              [--label_len LABEL_LEN] [--pred_len PRED_LEN]
              [--seasonal_patterns SEASONAL_PATTERNS] [--inverse]
              [--mask_rate MASK_RATE] [--anomaly_ratio ANOMALY_RATIO]
              [--expand EXPAND] [--d_conv D_CONV] [--top_k TOP_K]
              [--num_kernels NUM_KERNELS] [--enc_in ENC_IN] [--dec_in DEC_IN]
              [--c_out C_OUT] [--d_model D_MODEL] [--n_heads N_HEADS]
              [--e_layers E_LAYERS] [--d_layers D_LAYERS] [--d_ff D_FF]
              [--moving_avg MOVING_AVG] [--factor FACTOR] [--distil]
              [--dropout DROPOUT] [--embed EMBED] [--activation ACTIVATION]
              [--channel_independence CHANNEL_INDEPENDENCE]
              [--decomp_method DECOMP_METHOD] [--use_norm USE_NORM]
              [--down_sampling_layers DOWN_SAMPLING_LAYERS]
              [--down_sampling_window DOWN_SAMPLING_WINDOW]
              [--down_sampling_method DOWN_SAMPLING_METHOD]
              [--seg_len SEG_LEN] [--num_workers NUM_WORKERS] [--itr ITR]
              [--train_epochs TRAIN_EPOCHS] [--batch_size BATCH_SIZE]
              [--patience PATIENCE] [--learning_rate LEARNING_RATE]
              [--des DES] [--loss LOSS] [--lradj LRADJ] [--use_amp]
              [--use_gpu USE_GPU] [--gpu GPU] [--gpu_type GPU_TYPE]
              [--use_multi_gpu] [--devices DEVICES]
              [--p_hidden_dims P_HIDDEN_DIMS [P_HIDDEN_DIMS ...]]
              [--p_hidden_layers P_HIDDEN_LAYERS] [--use_dtw USE_DTW]
              [--augmentation_ratio AUGMENTATION_RATIO] [--seed SEED]
              [--jitter] [--scaling] [--permutation] [--randompermutation]
              [--magwarp] [--timewarp] [--windowslice] [--windowwarp]
              [--rotation] [--spawner] [--dtwwarp] [--shapedtwwarp] [--wdba]
              [--discdtw] [--discsdtw] [--extra_tag EXTRA_TAG]
              [--patch_len PATCH_LEN]
run.py: error: unrecognized arguments: --version Fourier --mode_select random --modes 32 --L 3
Completed: SP500 H=3

Training: FEDformer on SP500 for H=5
usage: run.py [-h] --task_name TASK_NAME --is_training IS_TRAINING --model_id
              MODEL_ID --model MODEL --data DATA [--root_path ROOT_PATH]
              [--data_path DATA_PATH] [--features FEATURES] [--target TARGET]
              [--freq FREQ] [--checkpoints CHECKPOINTS] [--seq_len SEQ_LEN]
              [--label_len LABEL_LEN] [--pred_len PRED_LEN]
              [--seasonal_patterns SEASONAL_PATTERNS] [--inverse]
              [--mask_rate MASK_RATE] [--anomaly_ratio ANOMALY_RATIO]
              [--expand EXPAND] [--d_conv D_CONV] [--top_k TOP_K]
              [--num_kernels NUM_KERNELS] [--enc_in ENC_IN] [--dec_in DEC_IN]
              [--c_out C_OUT] [--d_model D_MODEL] [--n_heads N_HEADS]
              [--e_layers E_LAYERS] [--d_layers D_LAYERS] [--d_ff D_FF]
              [--moving_avg MOVING_AVG] [--factor FACTOR] [--distil]
              [--dropout DROPOUT] [--embed EMBED] [--activation ACTIVATION]
              [--channel_independence CHANNEL_INDEPENDENCE]
              [--decomp_method DECOMP_METHOD] [--use_norm USE_NORM]
              [--down_sampling_layers DOWN_SAMPLING_LAYERS]
              [--down_sampling_window DOWN_SAMPLING_WINDOW]
              [--down_sampling_method DOWN_SAMPLING_METHOD]
              [--seg_len SEG_LEN] [--num_workers NUM_WORKERS] [--itr ITR]
              [--train_epochs TRAIN_EPOCHS] [--batch_size BATCH_SIZE]
              [--patience PATIENCE] [--learning_rate LEARNING_RATE]
              [--des DES] [--loss LOSS] [--lradj LRADJ] [--use_amp]
              [--use_gpu USE_GPU] [--gpu GPU] [--gpu_type GPU_TYPE]
              [--use_multi_gpu] [--devices DEVICES]
              [--p_hidden_dims P_HIDDEN_DIMS [P_HIDDEN_DIMS ...]]
              [--p_hidden_layers P_HIDDEN_LAYERS] [--use_dtw USE_DTW]
              [--augmentation_ratio AUGMENTATION_RATIO] [--seed SEED]
              [--jitter] [--scaling] [--permutation] [--randompermutation]
              [--magwarp] [--timewarp] [--windowslice] [--windowwarp]
              [--rotation] [--spawner] [--dtwwarp] [--shapedtwwarp] [--wdba]
              [--discdtw] [--discsdtw] [--extra_tag EXTRA_TAG]
              [--patch_len PATCH_LEN]
run.py: error: unrecognized arguments: --version Fourier --mode_select random --modes 32 --L 3
Completed: SP500 H=5

Training: FEDformer on SP500 for H=10
usage: run.py [-h] --task_name TASK_NAME --is_training IS_TRAINING --model_id
              MODEL_ID --model MODEL --data DATA [--root_path ROOT_PATH]
              [--data_path DATA_PATH] [--features FEATURES] [--target TARGET]
              [--freq FREQ] [--checkpoints CHECKPOINTS] [--seq_len SEQ_LEN]
              [--label_len LABEL_LEN] [--pred_len PRED_LEN]
              [--seasonal_patterns SEASONAL_PATTERNS] [--inverse]
              [--mask_rate MASK_RATE] [--anomaly_ratio ANOMALY_RATIO]
              [--expand EXPAND] [--d_conv D_CONV] [--top_k TOP_K]
              [--num_kernels NUM_KERNELS] [--enc_in ENC_IN] [--dec_in DEC_IN]
              [--c_out C_OUT] [--d_model D_MODEL] [--n_heads N_HEADS]
              [--e_layers E_LAYERS] [--d_layers D_LAYERS] [--d_ff D_FF]
              [--moving_avg MOVING_AVG] [--factor FACTOR] [--distil]
              [--dropout DROPOUT] [--embed EMBED] [--activation ACTIVATION]
              [--channel_independence CHANNEL_INDEPENDENCE]
              [--decomp_method DECOMP_METHOD] [--use_norm USE_NORM]
              [--down_sampling_layers DOWN_SAMPLING_LAYERS]
              [--down_sampling_window DOWN_SAMPLING_WINDOW]
              [--down_sampling_method DOWN_SAMPLING_METHOD]
              [--seg_len SEG_LEN] [--num_workers NUM_WORKERS] [--itr ITR]
              [--train_epochs TRAIN_EPOCHS] [--batch_size BATCH_SIZE]
              [--patience PATIENCE] [--learning_rate LEARNING_RATE]
              [--des DES] [--loss LOSS] [--lradj LRADJ] [--use_amp]
              [--use_gpu USE_GPU] [--gpu GPU] [--gpu_type GPU_TYPE]
              [--use_multi_gpu] [--devices DEVICES]
              [--p_hidden_dims P_HIDDEN_DIMS [P_HIDDEN_DIMS ...]]
              [--p_hidden_layers P_HIDDEN_LAYERS] [--use_dtw USE_DTW]
              [--augmentation_ratio AUGMENTATION_RATIO] [--seed SEED]
              [--jitter] [--scaling] [--permutation] [--randompermutation]
              [--magwarp] [--timewarp] [--windowslice] [--windowwarp]
              [--rotation] [--spawner] [--dtwwarp] [--shapedtwwarp] [--wdba]
              [--discdtw] [--discsdtw] [--extra_tag EXTRA_TAG]
              [--patch_len PATCH_LEN]
run.py: error: unrecognized arguments: --version Fourier --mode_select random --modes 32 --L 3
Completed: SP500 H=10

Training: FEDformer on SP500 for H=22
usage: run.py [-h] --task_name TASK_NAME --is_training IS_TRAINING --model_id
              MODEL_ID --model MODEL --data DATA [--root_path ROOT_PATH]
              [--data_path DATA_PATH] [--features FEATURES] [--target TARGET]
              [--freq FREQ] [--checkpoints CHECKPOINTS] [--seq_len SEQ_LEN]
              [--label_len LABEL_LEN] [--pred_len PRED_LEN]
              [--seasonal_patterns SEASONAL_PATTERNS] [--inverse]
              [--mask_rate MASK_RATE] [--anomaly_ratio ANOMALY_RATIO]
              [--expand EXPAND] [--d_conv D_CONV] [--top_k TOP_K]
              [--num_kernels NUM_KERNELS] [--enc_in ENC_IN] [--dec_in DEC_IN]
              [--c_out C_OUT] [--d_model D_MODEL] [--n_heads N_HEADS]
              [--e_layers E_LAYERS] [--d_layers D_LAYERS] [--d_ff D_FF]
              [--moving_avg MOVING_AVG] [--factor FACTOR] [--distil]
              [--dropout DROPOUT] [--embed EMBED] [--activation ACTIVATION]
              [--channel_independence CHANNEL_INDEPENDENCE]
              [--decomp_method DECOMP_METHOD] [--use_norm USE_NORM]
              [--down_sampling_layers DOWN_SAMPLING_LAYERS]
              [--down_sampling_window DOWN_SAMPLING_WINDOW]
              [--down_sampling_method DOWN_SAMPLING_METHOD]
              [--seg_len SEG_LEN] [--num_workers NUM_WORKERS] [--itr ITR]
              [--train_epochs TRAIN_EPOCHS] [--batch_size BATCH_SIZE]
              [--patience PATIENCE] [--learning_rate LEARNING_RATE]
              [--des DES] [--loss LOSS] [--lradj LRADJ] [--use_amp]
              [--use_gpu USE_GPU] [--gpu GPU] [--gpu_type GPU_TYPE]
              [--use_multi_gpu] [--devices DEVICES]
              [--p_hidden_dims P_HIDDEN_DIMS [P_HIDDEN_DIMS ...]]
              [--p_hidden_layers P_HIDDEN_LAYERS] [--use_dtw USE_DTW]
              [--augmentation_ratio AUGMENTATION_RATIO] [--seed SEED]
              [--jitter] [--scaling] [--permutation] [--randompermutation]
              [--magwarp] [--timewarp] [--windowslice] [--windowwarp]
              [--rotation] [--spawner] [--dtwwarp] [--shapedtwwarp] [--wdba]
              [--discdtw] [--discsdtw] [--extra_tag EXTRA_TAG]
              [--patch_len PATCH_LEN]
run.py: error: unrecognized arguments: --version Fourier --mode_select random --modes 32 --L 3
Completed: SP500 H=22

Training: FEDformer on SP500 for H=50
usage: run.py [-h] --task_name TASK_NAME --is_training IS_TRAINING --model_id
              MODEL_ID --model MODEL --data DATA [--root_path ROOT_PATH]
              [--data_path DATA_PATH] [--features FEATURES] [--target TARGET]
              [--freq FREQ] [--checkpoints CHECKPOINTS] [--seq_len SEQ_LEN]
              [--label_len LABEL_LEN] [--pred_len PRED_LEN]
              [--seasonal_patterns SEASONAL_PATTERNS] [--inverse]
              [--mask_rate MASK_RATE] [--anomaly_ratio ANOMALY_RATIO]
              [--expand EXPAND] [--d_conv D_CONV] [--top_k TOP_K]
              [--num_kernels NUM_KERNELS] [--enc_in ENC_IN] [--dec_in DEC_IN]
              [--c_out C_OUT] [--d_model D_MODEL] [--n_heads N_HEADS]
              [--e_layers E_LAYERS] [--d_layers D_LAYERS] [--d_ff D_FF]
              [--moving_avg MOVING_AVG] [--factor FACTOR] [--distil]
              [--dropout DROPOUT] [--embed EMBED] [--activation ACTIVATION]
              [--channel_independence CHANNEL_INDEPENDENCE]
              [--decomp_method DECOMP_METHOD] [--use_norm USE_NORM]
              [--down_sampling_layers DOWN_SAMPLING_LAYERS]
              [--down_sampling_window DOWN_SAMPLING_WINDOW]
              [--down_sampling_method DOWN_SAMPLING_METHOD]
              [--seg_len SEG_LEN] [--num_workers NUM_WORKERS] [--itr ITR]
              [--train_epochs TRAIN_EPOCHS] [--batch_size BATCH_SIZE]
              [--patience PATIENCE] [--learning_rate LEARNING_RATE]
              [--des DES] [--loss LOSS] [--lradj LRADJ] [--use_amp]
              [--use_gpu USE_GPU] [--gpu GPU] [--gpu_type GPU_TYPE]
              [--use_multi_gpu] [--devices DEVICES]
              [--p_hidden_dims P_HIDDEN_DIMS [P_HIDDEN_DIMS ...]]
              [--p_hidden_layers P_HIDDEN_LAYERS] [--use_dtw USE_DTW]
              [--augmentation_ratio AUGMENTATION_RATIO] [--seed SEED]
              [--jitter] [--scaling] [--permutation] [--randompermutation]
              [--magwarp] [--timewarp] [--windowslice] [--windowwarp]
              [--rotation] [--spawner] [--dtwwarp] [--shapedtwwarp] [--wdba]
              [--discdtw] [--discsdtw] [--extra_tag EXTRA_TAG]
              [--patch_len PATCH_LEN]
run.py: error: unrecognized arguments: --version Fourier --mode_select random --modes 32 --L 3
Completed: SP500 H=50

Training: FEDformer on SP500 for H=100
usage: run.py [-h] --task_name TASK_NAME --is_training IS_TRAINING --model_id
              MODEL_ID --model MODEL --data DATA [--root_path ROOT_PATH]
              [--data_path DATA_PATH] [--features FEATURES] [--target TARGET]
              [--freq FREQ] [--checkpoints CHECKPOINTS] [--seq_len SEQ_LEN]
              [--label_len LABEL_LEN] [--pred_len PRED_LEN]
              [--seasonal_patterns SEASONAL_PATTERNS] [--inverse]
              [--mask_rate MASK_RATE] [--anomaly_ratio ANOMALY_RATIO]
              [--expand EXPAND] [--d_conv D_CONV] [--top_k TOP_K]
              [--num_kernels NUM_KERNELS] [--enc_in ENC_IN] [--dec_in DEC_IN]
              [--c_out C_OUT] [--d_model D_MODEL] [--n_heads N_HEADS]
              [--e_layers E_LAYERS] [--d_layers D_LAYERS] [--d_ff D_FF]
              [--moving_avg MOVING_AVG] [--factor FACTOR] [--distil]
              [--dropout DROPOUT] [--embed EMBED] [--activation ACTIVATION]
              [--channel_independence CHANNEL_INDEPENDENCE]
              [--decomp_method DECOMP_METHOD] [--use_norm USE_NORM]
              [--down_sampling_layers DOWN_SAMPLING_LAYERS]
              [--down_sampling_window DOWN_SAMPLING_WINDOW]
              [--down_sampling_method DOWN_SAMPLING_METHOD]
              [--seg_len SEG_LEN] [--num_workers NUM_WORKERS] [--itr ITR]
              [--train_epochs TRAIN_EPOCHS] [--batch_size BATCH_SIZE]
              [--patience PATIENCE] [--learning_rate LEARNING_RATE]
              [--des DES] [--loss LOSS] [--lradj LRADJ] [--use_amp]
              [--use_gpu USE_GPU] [--gpu GPU] [--gpu_type GPU_TYPE]
              [--use_multi_gpu] [--devices DEVICES]
              [--p_hidden_dims P_HIDDEN_DIMS [P_HIDDEN_DIMS ...]]
              [--p_hidden_layers P_HIDDEN_LAYERS] [--use_dtw USE_DTW]
              [--augmentation_ratio AUGMENTATION_RATIO] [--seed SEED]
              [--jitter] [--scaling] [--permutation] [--randompermutation]
              [--magwarp] [--timewarp] [--windowslice] [--windowwarp]
              [--rotation] [--spawner] [--dtwwarp] [--shapedtwwarp] [--wdba]
              [--discdtw] [--discsdtw] [--extra_tag EXTRA_TAG]
              [--patch_len PATCH_LEN]
run.py: error: unrecognized arguments: --version Fourier --mode_select random --modes 32 --L 3
Completed: SP500 H=100

Training: FEDformer on NASDAQ for H=3
usage: run.py [-h] --task_name TASK_NAME --is_training IS_TRAINING --model_id
              MODEL_ID --model MODEL --data DATA [--root_path ROOT_PATH]
              [--data_path DATA_PATH] [--features FEATURES] [--target TARGET]
              [--freq FREQ] [--checkpoints CHECKPOINTS] [--seq_len SEQ_LEN]
              [--label_len LABEL_LEN] [--pred_len PRED_LEN]
              [--seasonal_patterns SEASONAL_PATTERNS] [--inverse]
              [--mask_rate MASK_RATE] [--anomaly_ratio ANOMALY_RATIO]
              [--expand EXPAND] [--d_conv D_CONV] [--top_k TOP_K]
              [--num_kernels NUM_KERNELS] [--enc_in ENC_IN] [--dec_in DEC_IN]
              [--c_out C_OUT] [--d_model D_MODEL] [--n_heads N_HEADS]
              [--e_layers E_LAYERS] [--d_layers D_LAYERS] [--d_ff D_FF]
              [--moving_avg MOVING_AVG] [--factor FACTOR] [--distil]
              [--dropout DROPOUT] [--embed EMBED] [--activation ACTIVATION]
              [--channel_independence CHANNEL_INDEPENDENCE]
              [--decomp_method DECOMP_METHOD] [--use_norm USE_NORM]
              [--down_sampling_layers DOWN_SAMPLING_LAYERS]
              [--down_sampling_window DOWN_SAMPLING_WINDOW]
              [--down_sampling_method DOWN_SAMPLING_METHOD]
              [--seg_len SEG_LEN] [--num_workers NUM_WORKERS] [--itr ITR]
              [--train_epochs TRAIN_EPOCHS] [--batch_size BATCH_SIZE]
              [--patience PATIENCE] [--learning_rate LEARNING_RATE]
              [--des DES] [--loss LOSS] [--lradj LRADJ] [--use_amp]
              [--use_gpu USE_GPU] [--gpu GPU] [--gpu_type GPU_TYPE]
              [--use_multi_gpu] [--devices DEVICES]
              [--p_hidden_dims P_HIDDEN_DIMS [P_HIDDEN_DIMS ...]]
              [--p_hidden_layers P_HIDDEN_LAYERS] [--use_dtw USE_DTW]
              [--augmentation_ratio AUGMENTATION_RATIO] [--seed SEED]
              [--jitter] [--scaling] [--permutation] [--randompermutation]
              [--magwarp] [--timewarp] [--windowslice] [--windowwarp]
              [--rotation] [--spawner] [--dtwwarp] [--shapedtwwarp] [--wdba]
              [--discdtw] [--discsdtw] [--extra_tag EXTRA_TAG]
              [--patch_len PATCH_LEN]
run.py: error: unrecognized arguments: --version Fourier --mode_select random --modes 32 --L 3
Completed: NASDAQ H=3

Training: FEDformer on NASDAQ for H=5
usage: run.py [-h] --task_name TASK_NAME --is_training IS_TRAINING --model_id
              MODEL_ID --model MODEL --data DATA [--root_path ROOT_PATH]
              [--data_path DATA_PATH] [--features FEATURES] [--target TARGET]
              [--freq FREQ] [--checkpoints CHECKPOINTS] [--seq_len SEQ_LEN]
              [--label_len LABEL_LEN] [--pred_len PRED_LEN]
              [--seasonal_patterns SEASONAL_PATTERNS] [--inverse]
              [--mask_rate MASK_RATE] [--anomaly_ratio ANOMALY_RATIO]
              [--expand EXPAND] [--d_conv D_CONV] [--top_k TOP_K]
              [--num_kernels NUM_KERNELS] [--enc_in ENC_IN] [--dec_in DEC_IN]
              [--c_out C_OUT] [--d_model D_MODEL] [--n_heads N_HEADS]
              [--e_layers E_LAYERS] [--d_layers D_LAYERS] [--d_ff D_FF]
              [--moving_avg MOVING_AVG] [--factor FACTOR] [--distil]
              [--dropout DROPOUT] [--embed EMBED] [--activation ACTIVATION]
              [--channel_independence CHANNEL_INDEPENDENCE]
              [--decomp_method DECOMP_METHOD] [--use_norm USE_NORM]
              [--down_sampling_layers DOWN_SAMPLING_LAYERS]
              [--down_sampling_window DOWN_SAMPLING_WINDOW]
              [--down_sampling_method DOWN_SAMPLING_METHOD]
              [--seg_len SEG_LEN] [--num_workers NUM_WORKERS] [--itr ITR]
              [--train_epochs TRAIN_EPOCHS] [--batch_size BATCH_SIZE]
              [--patience PATIENCE] [--learning_rate LEARNING_RATE]
              [--des DES] [--loss LOSS] [--lradj LRADJ] [--use_amp]
              [--use_gpu USE_GPU] [--gpu GPU] [--gpu_type GPU_TYPE]
              [--use_multi_gpu] [--devices DEVICES]
              [--p_hidden_dims P_HIDDEN_DIMS [P_HIDDEN_DIMS ...]]
              [--p_hidden_layers P_HIDDEN_LAYERS] [--use_dtw USE_DTW]
              [--augmentation_ratio AUGMENTATION_RATIO] [--seed SEED]
              [--jitter] [--scaling] [--permutation] [--randompermutation]
              [--magwarp] [--timewarp] [--windowslice] [--windowwarp]
              [--rotation] [--spawner] [--dtwwarp] [--shapedtwwarp] [--wdba]
              [--discdtw] [--discsdtw] [--extra_tag EXTRA_TAG]
              [--patch_len PATCH_LEN]
run.py: error: unrecognized arguments: --version Fourier --mode_select random --modes 32 --L 3
Completed: NASDAQ H=5

Training: FEDformer on NASDAQ for H=10
usage: run.py [-h] --task_name TASK_NAME --is_training IS_TRAINING --model_id
              MODEL_ID --model MODEL --data DATA [--root_path ROOT_PATH]
              [--data_path DATA_PATH] [--features FEATURES] [--target TARGET]
              [--freq FREQ] [--checkpoints CHECKPOINTS] [--seq_len SEQ_LEN]
              [--label_len LABEL_LEN] [--pred_len PRED_LEN]
              [--seasonal_patterns SEASONAL_PATTERNS] [--inverse]
              [--mask_rate MASK_RATE] [--anomaly_ratio ANOMALY_RATIO]
              [--expand EXPAND] [--d_conv D_CONV] [--top_k TOP_K]
              [--num_kernels NUM_KERNELS] [--enc_in ENC_IN] [--dec_in DEC_IN]
              [--c_out C_OUT] [--d_model D_MODEL] [--n_heads N_HEADS]
              [--e_layers E_LAYERS] [--d_layers D_LAYERS] [--d_ff D_FF]
              [--moving_avg MOVING_AVG] [--factor FACTOR] [--distil]
              [--dropout DROPOUT] [--embed EMBED] [--activation ACTIVATION]
              [--channel_independence CHANNEL_INDEPENDENCE]
              [--decomp_method DECOMP_METHOD] [--use_norm USE_NORM]
              [--down_sampling_layers DOWN_SAMPLING_LAYERS]
              [--down_sampling_window DOWN_SAMPLING_WINDOW]
              [--down_sampling_method DOWN_SAMPLING_METHOD]
              [--seg_len SEG_LEN] [--num_workers NUM_WORKERS] [--itr ITR]
              [--train_epochs TRAIN_EPOCHS] [--batch_size BATCH_SIZE]
              [--patience PATIENCE] [--learning_rate LEARNING_RATE]
              [--des DES] [--loss LOSS] [--lradj LRADJ] [--use_amp]
              [--use_gpu USE_GPU] [--gpu GPU] [--gpu_type GPU_TYPE]
              [--use_multi_gpu] [--devices DEVICES]
              [--p_hidden_dims P_HIDDEN_DIMS [P_HIDDEN_DIMS ...]]
              [--p_hidden_layers P_HIDDEN_LAYERS] [--use_dtw USE_DTW]
              [--augmentation_ratio AUGMENTATION_RATIO] [--seed SEED]
              [--jitter] [--scaling] [--permutation] [--randompermutation]
              [--magwarp] [--timewarp] [--windowslice] [--windowwarp]
              [--rotation] [--spawner] [--dtwwarp] [--shapedtwwarp] [--wdba]
              [--discdtw] [--discsdtw] [--extra_tag EXTRA_TAG]
              [--patch_len PATCH_LEN]
run.py: error: unrecognized arguments: --version Fourier --mode_select random --modes 32 --L 3
Completed: NASDAQ H=10

Training: FEDformer on NASDAQ for H=22
usage: run.py [-h] --task_name TASK_NAME --is_training IS_TRAINING --model_id
              MODEL_ID --model MODEL --data DATA [--root_path ROOT_PATH]
              [--data_path DATA_PATH] [--features FEATURES] [--target TARGET]
              [--freq FREQ] [--checkpoints CHECKPOINTS] [--seq_len SEQ_LEN]
              [--label_len LABEL_LEN] [--pred_len PRED_LEN]
              [--seasonal_patterns SEASONAL_PATTERNS] [--inverse]
              [--mask_rate MASK_RATE] [--anomaly_ratio ANOMALY_RATIO]
              [--expand EXPAND] [--d_conv D_CONV] [--top_k TOP_K]
              [--num_kernels NUM_KERNELS] [--enc_in ENC_IN] [--dec_in DEC_IN]
              [--c_out C_OUT] [--d_model D_MODEL] [--n_heads N_HEADS]
              [--e_layers E_LAYERS] [--d_layers D_LAYERS] [--d_ff D_FF]
              [--moving_avg MOVING_AVG] [--factor FACTOR] [--distil]
              [--dropout DROPOUT] [--embed EMBED] [--activation ACTIVATION]
              [--channel_independence CHANNEL_INDEPENDENCE]
              [--decomp_method DECOMP_METHOD] [--use_norm USE_NORM]
              [--down_sampling_layers DOWN_SAMPLING_LAYERS]
              [--down_sampling_window DOWN_SAMPLING_WINDOW]
              [--down_sampling_method DOWN_SAMPLING_METHOD]
              [--seg_len SEG_LEN] [--num_workers NUM_WORKERS] [--itr ITR]
              [--train_epochs TRAIN_EPOCHS] [--batch_size BATCH_SIZE]
              [--patience PATIENCE] [--learning_rate LEARNING_RATE]
              [--des DES] [--loss LOSS] [--lradj LRADJ] [--use_amp]
              [--use_gpu USE_GPU] [--gpu GPU] [--gpu_type GPU_TYPE]
              [--use_multi_gpu] [--devices DEVICES]
              [--p_hidden_dims P_HIDDEN_DIMS [P_HIDDEN_DIMS ...]]
              [--p_hidden_layers P_HIDDEN_LAYERS] [--use_dtw USE_DTW]
              [--augmentation_ratio AUGMENTATION_RATIO] [--seed SEED]
              [--jitter] [--scaling] [--permutation] [--randompermutation]
              [--magwarp] [--timewarp] [--windowslice] [--windowwarp]
              [--rotation] [--spawner] [--dtwwarp] [--shapedtwwarp] [--wdba]
              [--discdtw] [--discsdtw] [--extra_tag EXTRA_TAG]
              [--patch_len PATCH_LEN]
run.py: error: unrecognized arguments: --version Fourier --mode_select random --modes 32 --L 3
Completed: NASDAQ H=22

Training: FEDformer on NASDAQ for H=50
usage: run.py [-h] --task_name TASK_NAME --is_training IS_TRAINING --model_id
              MODEL_ID --model MODEL --data DATA [--root_path ROOT_PATH]
              [--data_path DATA_PATH] [--features FEATURES] [--target TARGET]
              [--freq FREQ] [--checkpoints CHECKPOINTS] [--seq_len SEQ_LEN]
              [--label_len LABEL_LEN] [--pred_len PRED_LEN]
              [--seasonal_patterns SEASONAL_PATTERNS] [--inverse]
              [--mask_rate MASK_RATE] [--anomaly_ratio ANOMALY_RATIO]
              [--expand EXPAND] [--d_conv D_CONV] [--top_k TOP_K]
              [--num_kernels NUM_KERNELS] [--enc_in ENC_IN] [--dec_in DEC_IN]
              [--c_out C_OUT] [--d_model D_MODEL] [--n_heads N_HEADS]
              [--e_layers E_LAYERS] [--d_layers D_LAYERS] [--d_ff D_FF]
              [--moving_avg MOVING_AVG] [--factor FACTOR] [--distil]
              [--dropout DROPOUT] [--embed EMBED] [--activation ACTIVATION]
              [--channel_independence CHANNEL_INDEPENDENCE]
              [--decomp_method DECOMP_METHOD] [--use_norm USE_NORM]
              [--down_sampling_layers DOWN_SAMPLING_LAYERS]
              [--down_sampling_window DOWN_SAMPLING_WINDOW]
              [--down_sampling_method DOWN_SAMPLING_METHOD]
              [--seg_len SEG_LEN] [--num_workers NUM_WORKERS] [--itr ITR]
              [--train_epochs TRAIN_EPOCHS] [--batch_size BATCH_SIZE]
              [--patience PATIENCE] [--learning_rate LEARNING_RATE]
              [--des DES] [--loss LOSS] [--lradj LRADJ] [--use_amp]
              [--use_gpu USE_GPU] [--gpu GPU] [--gpu_type GPU_TYPE]
              [--use_multi_gpu] [--devices DEVICES]
              [--p_hidden_dims P_HIDDEN_DIMS [P_HIDDEN_DIMS ...]]
              [--p_hidden_layers P_HIDDEN_LAYERS] [--use_dtw USE_DTW]
              [--augmentation_ratio AUGMENTATION_RATIO] [--seed SEED]
              [--jitter] [--scaling] [--permutation] [--randompermutation]
              [--magwarp] [--timewarp] [--windowslice] [--windowwarp]
              [--rotation] [--spawner] [--dtwwarp] [--shapedtwwarp] [--wdba]
              [--discdtw] [--discsdtw] [--extra_tag EXTRA_TAG]
              [--patch_len PATCH_LEN]
run.py: error: unrecognized arguments: --version Fourier --mode_select random --modes 32 --L 3
Completed: NASDAQ H=50

Training: FEDformer on NASDAQ for H=100
usage: run.py [-h] --task_name TASK_NAME --is_training IS_TRAINING --model_id
              MODEL_ID --model MODEL --data DATA [--root_path ROOT_PATH]
              [--data_path DATA_PATH] [--features FEATURES] [--target TARGET]
              [--freq FREQ] [--checkpoints CHECKPOINTS] [--seq_len SEQ_LEN]
              [--label_len LABEL_LEN] [--pred_len PRED_LEN]
              [--seasonal_patterns SEASONAL_PATTERNS] [--inverse]
              [--mask_rate MASK_RATE] [--anomaly_ratio ANOMALY_RATIO]
              [--expand EXPAND] [--d_conv D_CONV] [--top_k TOP_K]
              [--num_kernels NUM_KERNELS] [--enc_in ENC_IN] [--dec_in DEC_IN]
              [--c_out C_OUT] [--d_model D_MODEL] [--n_heads N_HEADS]
              [--e_layers E_LAYERS] [--d_layers D_LAYERS] [--d_ff D_FF]
              [--moving_avg MOVING_AVG] [--factor FACTOR] [--distil]
              [--dropout DROPOUT] [--embed EMBED] [--activation ACTIVATION]
              [--channel_independence CHANNEL_INDEPENDENCE]
              [--decomp_method DECOMP_METHOD] [--use_norm USE_NORM]
              [--down_sampling_layers DOWN_SAMPLING_LAYERS]
              [--down_sampling_window DOWN_SAMPLING_WINDOW]
              [--down_sampling_method DOWN_SAMPLING_METHOD]
              [--seg_len SEG_LEN] [--num_workers NUM_WORKERS] [--itr ITR]
              [--train_epochs TRAIN_EPOCHS] [--batch_size BATCH_SIZE]
              [--patience PATIENCE] [--learning_rate LEARNING_RATE]
              [--des DES] [--loss LOSS] [--lradj LRADJ] [--use_amp]
              [--use_gpu USE_GPU] [--gpu GPU] [--gpu_type GPU_TYPE]
              [--use_multi_gpu] [--devices DEVICES]
              [--p_hidden_dims P_HIDDEN_DIMS [P_HIDDEN_DIMS ...]]
              [--p_hidden_layers P_HIDDEN_LAYERS] [--use_dtw USE_DTW]
              [--augmentation_ratio AUGMENTATION_RATIO] [--seed SEED]
              [--jitter] [--scaling] [--permutation] [--randompermutation]
              [--magwarp] [--timewarp] [--windowslice] [--windowwarp]
              [--rotation] [--spawner] [--dtwwarp] [--shapedtwwarp] [--wdba]
              [--discdtw] [--discsdtw] [--extra_tag EXTRA_TAG]
              [--patch_len PATCH_LEN]
run.py: error: unrecognized arguments: --version Fourier --mode_select random --modes 32 --L 3
Completed: NASDAQ H=100

Training: FEDformer on ABSA for H=3
usage: run.py [-h] --task_name TASK_NAME --is_training IS_TRAINING --model_id
              MODEL_ID --model MODEL --data DATA [--root_path ROOT_PATH]
              [--data_path DATA_PATH] [--features FEATURES] [--target TARGET]
              [--freq FREQ] [--checkpoints CHECKPOINTS] [--seq_len SEQ_LEN]
              [--label_len LABEL_LEN] [--pred_len PRED_LEN]
              [--seasonal_patterns SEASONAL_PATTERNS] [--inverse]
              [--mask_rate MASK_RATE] [--anomaly_ratio ANOMALY_RATIO]
              [--expand EXPAND] [--d_conv D_CONV] [--top_k TOP_K]
              [--num_kernels NUM_KERNELS] [--enc_in ENC_IN] [--dec_in DEC_IN]
              [--c_out C_OUT] [--d_model D_MODEL] [--n_heads N_HEADS]
              [--e_layers E_LAYERS] [--d_layers D_LAYERS] [--d_ff D_FF]
              [--moving_avg MOVING_AVG] [--factor FACTOR] [--distil]
              [--dropout DROPOUT] [--embed EMBED] [--activation ACTIVATION]
              [--channel_independence CHANNEL_INDEPENDENCE]
              [--decomp_method DECOMP_METHOD] [--use_norm USE_NORM]
              [--down_sampling_layers DOWN_SAMPLING_LAYERS]
              [--down_sampling_window DOWN_SAMPLING_WINDOW]
              [--down_sampling_method DOWN_SAMPLING_METHOD]
              [--seg_len SEG_LEN] [--num_workers NUM_WORKERS] [--itr ITR]
              [--train_epochs TRAIN_EPOCHS] [--batch_size BATCH_SIZE]
              [--patience PATIENCE] [--learning_rate LEARNING_RATE]
              [--des DES] [--loss LOSS] [--lradj LRADJ] [--use_amp]
              [--use_gpu USE_GPU] [--gpu GPU] [--gpu_type GPU_TYPE]
              [--use_multi_gpu] [--devices DEVICES]
              [--p_hidden_dims P_HIDDEN_DIMS [P_HIDDEN_DIMS ...]]
              [--p_hidden_layers P_HIDDEN_LAYERS] [--use_dtw USE_DTW]
              [--augmentation_ratio AUGMENTATION_RATIO] [--seed SEED]
              [--jitter] [--scaling] [--permutation] [--randompermutation]
              [--magwarp] [--timewarp] [--windowslice] [--windowwarp]
              [--rotation] [--spawner] [--dtwwarp] [--shapedtwwarp] [--wdba]
              [--discdtw] [--discsdtw] [--extra_tag EXTRA_TAG]
              [--patch_len PATCH_LEN]
run.py: error: unrecognized arguments: --version Fourier --mode_select random --modes 32 --L 3
Completed: ABSA H=3

Training: FEDformer on ABSA for H=5
usage: run.py [-h] --task_name TASK_NAME --is_training IS_TRAINING --model_id
              MODEL_ID --model MODEL --data DATA [--root_path ROOT_PATH]
              [--data_path DATA_PATH] [--features FEATURES] [--target TARGET]
              [--freq FREQ] [--checkpoints CHECKPOINTS] [--seq_len SEQ_LEN]
              [--label_len LABEL_LEN] [--pred_len PRED_LEN]
              [--seasonal_patterns SEASONAL_PATTERNS] [--inverse]
              [--mask_rate MASK_RATE] [--anomaly_ratio ANOMALY_RATIO]
              [--expand EXPAND] [--d_conv D_CONV] [--top_k TOP_K]
              [--num_kernels NUM_KERNELS] [--enc_in ENC_IN] [--dec_in DEC_IN]
              [--c_out C_OUT] [--d_model D_MODEL] [--n_heads N_HEADS]
              [--e_layers E_LAYERS] [--d_layers D_LAYERS] [--d_ff D_FF]
              [--moving_avg MOVING_AVG] [--factor FACTOR] [--distil]
              [--dropout DROPOUT] [--embed EMBED] [--activation ACTIVATION]
              [--channel_independence CHANNEL_INDEPENDENCE]
              [--decomp_method DECOMP_METHOD] [--use_norm USE_NORM]
              [--down_sampling_layers DOWN_SAMPLING_LAYERS]
              [--down_sampling_window DOWN_SAMPLING_WINDOW]
              [--down_sampling_method DOWN_SAMPLING_METHOD]
              [--seg_len SEG_LEN] [--num_workers NUM_WORKERS] [--itr ITR]
              [--train_epochs TRAIN_EPOCHS] [--batch_size BATCH_SIZE]
              [--patience PATIENCE] [--learning_rate LEARNING_RATE]
              [--des DES] [--loss LOSS] [--lradj LRADJ] [--use_amp]
              [--use_gpu USE_GPU] [--gpu GPU] [--gpu_type GPU_TYPE]
              [--use_multi_gpu] [--devices DEVICES]
              [--p_hidden_dims P_HIDDEN_DIMS [P_HIDDEN_DIMS ...]]
              [--p_hidden_layers P_HIDDEN_LAYERS] [--use_dtw USE_DTW]
              [--augmentation_ratio AUGMENTATION_RATIO] [--seed SEED]
              [--jitter] [--scaling] [--permutation] [--randompermutation]
              [--magwarp] [--timewarp] [--windowslice] [--windowwarp]
              [--rotation] [--spawner] [--dtwwarp] [--shapedtwwarp] [--wdba]
              [--discdtw] [--discsdtw] [--extra_tag EXTRA_TAG]
              [--patch_len PATCH_LEN]
run.py: error: unrecognized arguments: --version Fourier --mode_select random --modes 32 --L 3
Completed: ABSA H=5

Training: FEDformer on ABSA for H=10
usage: run.py [-h] --task_name TASK_NAME --is_training IS_TRAINING --model_id
              MODEL_ID --model MODEL --data DATA [--root_path ROOT_PATH]
              [--data_path DATA_PATH] [--features FEATURES] [--target TARGET]
              [--freq FREQ] [--checkpoints CHECKPOINTS] [--seq_len SEQ_LEN]
              [--label_len LABEL_LEN] [--pred_len PRED_LEN]
              [--seasonal_patterns SEASONAL_PATTERNS] [--inverse]
              [--mask_rate MASK_RATE] [--anomaly_ratio ANOMALY_RATIO]
              [--expand EXPAND] [--d_conv D_CONV] [--top_k TOP_K]
              [--num_kernels NUM_KERNELS] [--enc_in ENC_IN] [--dec_in DEC_IN]
              [--c_out C_OUT] [--d_model D_MODEL] [--n_heads N_HEADS]
              [--e_layers E_LAYERS] [--d_layers D_LAYERS] [--d_ff D_FF]
              [--moving_avg MOVING_AVG] [--factor FACTOR] [--distil]
              [--dropout DROPOUT] [--embed EMBED] [--activation ACTIVATION]
              [--channel_independence CHANNEL_INDEPENDENCE]
              [--decomp_method DECOMP_METHOD] [--use_norm USE_NORM]
              [--down_sampling_layers DOWN_SAMPLING_LAYERS]
              [--down_sampling_window DOWN_SAMPLING_WINDOW]
              [--down_sampling_method DOWN_SAMPLING_METHOD]
              [--seg_len SEG_LEN] [--num_workers NUM_WORKERS] [--itr ITR]
              [--train_epochs TRAIN_EPOCHS] [--batch_size BATCH_SIZE]
              [--patience PATIENCE] [--learning_rate LEARNING_RATE]
              [--des DES] [--loss LOSS] [--lradj LRADJ] [--use_amp]
              [--use_gpu USE_GPU] [--gpu GPU] [--gpu_type GPU_TYPE]
              [--use_multi_gpu] [--devices DEVICES]
              [--p_hidden_dims P_HIDDEN_DIMS [P_HIDDEN_DIMS ...]]
              [--p_hidden_layers P_HIDDEN_LAYERS] [--use_dtw USE_DTW]
              [--augmentation_ratio AUGMENTATION_RATIO] [--seed SEED]
              [--jitter] [--scaling] [--permutation] [--randompermutation]
              [--magwarp] [--timewarp] [--windowslice] [--windowwarp]
              [--rotation] [--spawner] [--dtwwarp] [--shapedtwwarp] [--wdba]
              [--discdtw] [--discsdtw] [--extra_tag EXTRA_TAG]
              [--patch_len PATCH_LEN]
run.py: error: unrecognized arguments: --version Fourier --mode_select random --modes 32 --L 3
Completed: ABSA H=10

Training: FEDformer on ABSA for H=22
usage: run.py [-h] --task_name TASK_NAME --is_training IS_TRAINING --model_id
              MODEL_ID --model MODEL --data DATA [--root_path ROOT_PATH]
              [--data_path DATA_PATH] [--features FEATURES] [--target TARGET]
              [--freq FREQ] [--checkpoints CHECKPOINTS] [--seq_len SEQ_LEN]
              [--label_len LABEL_LEN] [--pred_len PRED_LEN]
              [--seasonal_patterns SEASONAL_PATTERNS] [--inverse]
              [--mask_rate MASK_RATE] [--anomaly_ratio ANOMALY_RATIO]
              [--expand EXPAND] [--d_conv D_CONV] [--top_k TOP_K]
              [--num_kernels NUM_KERNELS] [--enc_in ENC_IN] [--dec_in DEC_IN]
              [--c_out C_OUT] [--d_model D_MODEL] [--n_heads N_HEADS]
              [--e_layers E_LAYERS] [--d_layers D_LAYERS] [--d_ff D_FF]
              [--moving_avg MOVING_AVG] [--factor FACTOR] [--distil]
              [--dropout DROPOUT] [--embed EMBED] [--activation ACTIVATION]
              [--channel_independence CHANNEL_INDEPENDENCE]
              [--decomp_method DECOMP_METHOD] [--use_norm USE_NORM]
              [--down_sampling_layers DOWN_SAMPLING_LAYERS]
              [--down_sampling_window DOWN_SAMPLING_WINDOW]
              [--down_sampling_method DOWN_SAMPLING_METHOD]
              [--seg_len SEG_LEN] [--num_workers NUM_WORKERS] [--itr ITR]
              [--train_epochs TRAIN_EPOCHS] [--batch_size BATCH_SIZE]
              [--patience PATIENCE] [--learning_rate LEARNING_RATE]
              [--des DES] [--loss LOSS] [--lradj LRADJ] [--use_amp]
              [--use_gpu USE_GPU] [--gpu GPU] [--gpu_type GPU_TYPE]
              [--use_multi_gpu] [--devices DEVICES]
              [--p_hidden_dims P_HIDDEN_DIMS [P_HIDDEN_DIMS ...]]
              [--p_hidden_layers P_HIDDEN_LAYERS] [--use_dtw USE_DTW]
              [--augmentation_ratio AUGMENTATION_RATIO] [--seed SEED]
              [--jitter] [--scaling] [--permutation] [--randompermutation]
              [--magwarp] [--timewarp] [--windowslice] [--windowwarp]
              [--rotation] [--spawner] [--dtwwarp] [--shapedtwwarp] [--wdba]
              [--discdtw] [--discsdtw] [--extra_tag EXTRA_TAG]
              [--patch_len PATCH_LEN]
run.py: error: unrecognized arguments: --version Fourier --mode_select random --modes 32 --L 3
Completed: ABSA H=22

Training: FEDformer on ABSA for H=50
usage: run.py [-h] --task_name TASK_NAME --is_training IS_TRAINING --model_id
              MODEL_ID --model MODEL --data DATA [--root_path ROOT_PATH]
              [--data_path DATA_PATH] [--features FEATURES] [--target TARGET]
              [--freq FREQ] [--checkpoints CHECKPOINTS] [--seq_len SEQ_LEN]
              [--label_len LABEL_LEN] [--pred_len PRED_LEN]
              [--seasonal_patterns SEASONAL_PATTERNS] [--inverse]
              [--mask_rate MASK_RATE] [--anomaly_ratio ANOMALY_RATIO]
              [--expand EXPAND] [--d_conv D_CONV] [--top_k TOP_K]
              [--num_kernels NUM_KERNELS] [--enc_in ENC_IN] [--dec_in DEC_IN]
              [--c_out C_OUT] [--d_model D_MODEL] [--n_heads N_HEADS]
              [--e_layers E_LAYERS] [--d_layers D_LAYERS] [--d_ff D_FF]
              [--moving_avg MOVING_AVG] [--factor FACTOR] [--distil]
              [--dropout DROPOUT] [--embed EMBED] [--activation ACTIVATION]
              [--channel_independence CHANNEL_INDEPENDENCE]
              [--decomp_method DECOMP_METHOD] [--use_norm USE_NORM]
              [--down_sampling_layers DOWN_SAMPLING_LAYERS]
              [--down_sampling_window DOWN_SAMPLING_WINDOW]
              [--down_sampling_method DOWN_SAMPLING_METHOD]
              [--seg_len SEG_LEN] [--num_workers NUM_WORKERS] [--itr ITR]
              [--train_epochs TRAIN_EPOCHS] [--batch_size BATCH_SIZE]
              [--patience PATIENCE] [--learning_rate LEARNING_RATE]
              [--des DES] [--loss LOSS] [--lradj LRADJ] [--use_amp]
              [--use_gpu USE_GPU] [--gpu GPU] [--gpu_type GPU_TYPE]
              [--use_multi_gpu] [--devices DEVICES]
              [--p_hidden_dims P_HIDDEN_DIMS [P_HIDDEN_DIMS ...]]
              [--p_hidden_layers P_HIDDEN_LAYERS] [--use_dtw USE_DTW]
              [--augmentation_ratio AUGMENTATION_RATIO] [--seed SEED]
              [--jitter] [--scaling] [--permutation] [--randompermutation]
              [--magwarp] [--timewarp] [--windowslice] [--windowwarp]
              [--rotation] [--spawner] [--dtwwarp] [--shapedtwwarp] [--wdba]
              [--discdtw] [--discsdtw] [--extra_tag EXTRA_TAG]
              [--patch_len PATCH_LEN]
run.py: error: unrecognized arguments: --version Fourier --mode_select random --modes 32 --L 3
Completed: ABSA H=50

Training: FEDformer on ABSA for H=100
usage: run.py [-h] --task_name TASK_NAME --is_training IS_TRAINING --model_id
              MODEL_ID --model MODEL --data DATA [--root_path ROOT_PATH]
              [--data_path DATA_PATH] [--features FEATURES] [--target TARGET]
              [--freq FREQ] [--checkpoints CHECKPOINTS] [--seq_len SEQ_LEN]
              [--label_len LABEL_LEN] [--pred_len PRED_LEN]
              [--seasonal_patterns SEASONAL_PATTERNS] [--inverse]
              [--mask_rate MASK_RATE] [--anomaly_ratio ANOMALY_RATIO]
              [--expand EXPAND] [--d_conv D_CONV] [--top_k TOP_K]
              [--num_kernels NUM_KERNELS] [--enc_in ENC_IN] [--dec_in DEC_IN]
              [--c_out C_OUT] [--d_model D_MODEL] [--n_heads N_HEADS]
              [--e_layers E_LAYERS] [--d_layers D_LAYERS] [--d_ff D_FF]
              [--moving_avg MOVING_AVG] [--factor FACTOR] [--distil]
              [--dropout DROPOUT] [--embed EMBED] [--activation ACTIVATION]
              [--channel_independence CHANNEL_INDEPENDENCE]
              [--decomp_method DECOMP_METHOD] [--use_norm USE_NORM]
              [--down_sampling_layers DOWN_SAMPLING_LAYERS]
              [--down_sampling_window DOWN_SAMPLING_WINDOW]
              [--down_sampling_method DOWN_SAMPLING_METHOD]
              [--seg_len SEG_LEN] [--num_workers NUM_WORKERS] [--itr ITR]
              [--train_epochs TRAIN_EPOCHS] [--batch_size BATCH_SIZE]
              [--patience PATIENCE] [--learning_rate LEARNING_RATE]
              [--des DES] [--loss LOSS] [--lradj LRADJ] [--use_amp]
              [--use_gpu USE_GPU] [--gpu GPU] [--gpu_type GPU_TYPE]
              [--use_multi_gpu] [--devices DEVICES]
              [--p_hidden_dims P_HIDDEN_DIMS [P_HIDDEN_DIMS ...]]
              [--p_hidden_layers P_HIDDEN_LAYERS] [--use_dtw USE_DTW]
              [--augmentation_ratio AUGMENTATION_RATIO] [--seed SEED]
              [--jitter] [--scaling] [--permutation] [--randompermutation]
              [--magwarp] [--timewarp] [--windowslice] [--windowwarp]
              [--rotation] [--spawner] [--dtwwarp] [--shapedtwwarp] [--wdba]
              [--discdtw] [--discsdtw] [--extra_tag EXTRA_TAG]
              [--patch_len PATCH_LEN]
run.py: error: unrecognized arguments: --version Fourier --mode_select random --modes 32 --L 3
Completed: ABSA H=100

Training: FEDformer on SASOL for H=3
usage: run.py [-h] --task_name TASK_NAME --is_training IS_TRAINING --model_id
              MODEL_ID --model MODEL --data DATA [--root_path ROOT_PATH]
              [--data_path DATA_PATH] [--features FEATURES] [--target TARGET]
              [--freq FREQ] [--checkpoints CHECKPOINTS] [--seq_len SEQ_LEN]
              [--label_len LABEL_LEN] [--pred_len PRED_LEN]
              [--seasonal_patterns SEASONAL_PATTERNS] [--inverse]
              [--mask_rate MASK_RATE] [--anomaly_ratio ANOMALY_RATIO]
              [--expand EXPAND] [--d_conv D_CONV] [--top_k TOP_K]
              [--num_kernels NUM_KERNELS] [--enc_in ENC_IN] [--dec_in DEC_IN]
              [--c_out C_OUT] [--d_model D_MODEL] [--n_heads N_HEADS]
              [--e_layers E_LAYERS] [--d_layers D_LAYERS] [--d_ff D_FF]
              [--moving_avg MOVING_AVG] [--factor FACTOR] [--distil]
              [--dropout DROPOUT] [--embed EMBED] [--activation ACTIVATION]
              [--channel_independence CHANNEL_INDEPENDENCE]
              [--decomp_method DECOMP_METHOD] [--use_norm USE_NORM]
              [--down_sampling_layers DOWN_SAMPLING_LAYERS]
              [--down_sampling_window DOWN_SAMPLING_WINDOW]
              [--down_sampling_method DOWN_SAMPLING_METHOD]
              [--seg_len SEG_LEN] [--num_workers NUM_WORKERS] [--itr ITR]
              [--train_epochs TRAIN_EPOCHS] [--batch_size BATCH_SIZE]
              [--patience PATIENCE] [--learning_rate LEARNING_RATE]
              [--des DES] [--loss LOSS] [--lradj LRADJ] [--use_amp]
              [--use_gpu USE_GPU] [--gpu GPU] [--gpu_type GPU_TYPE]
              [--use_multi_gpu] [--devices DEVICES]
              [--p_hidden_dims P_HIDDEN_DIMS [P_HIDDEN_DIMS ...]]
              [--p_hidden_layers P_HIDDEN_LAYERS] [--use_dtw USE_DTW]
              [--augmentation_ratio AUGMENTATION_RATIO] [--seed SEED]
              [--jitter] [--scaling] [--permutation] [--randompermutation]
              [--magwarp] [--timewarp] [--windowslice] [--windowwarp]
              [--rotation] [--spawner] [--dtwwarp] [--shapedtwwarp] [--wdba]
              [--discdtw] [--discsdtw] [--extra_tag EXTRA_TAG]
              [--patch_len PATCH_LEN]
run.py: error: unrecognized arguments: --version Fourier --mode_select random --modes 32 --L 3
Completed: SASOL H=3

Training: FEDformer on SASOL for H=5
usage: run.py [-h] --task_name TASK_NAME --is_training IS_TRAINING --model_id
              MODEL_ID --model MODEL --data DATA [--root_path ROOT_PATH]
              [--data_path DATA_PATH] [--features FEATURES] [--target TARGET]
              [--freq FREQ] [--checkpoints CHECKPOINTS] [--seq_len SEQ_LEN]
              [--label_len LABEL_LEN] [--pred_len PRED_LEN]
              [--seasonal_patterns SEASONAL_PATTERNS] [--inverse]
              [--mask_rate MASK_RATE] [--anomaly_ratio ANOMALY_RATIO]
              [--expand EXPAND] [--d_conv D_CONV] [--top_k TOP_K]
              [--num_kernels NUM_KERNELS] [--enc_in ENC_IN] [--dec_in DEC_IN]
              [--c_out C_OUT] [--d_model D_MODEL] [--n_heads N_HEADS]
              [--e_layers E_LAYERS] [--d_layers D_LAYERS] [--d_ff D_FF]
              [--moving_avg MOVING_AVG] [--factor FACTOR] [--distil]
              [--dropout DROPOUT] [--embed EMBED] [--activation ACTIVATION]
              [--channel_independence CHANNEL_INDEPENDENCE]
              [--decomp_method DECOMP_METHOD] [--use_norm USE_NORM]
              [--down_sampling_layers DOWN_SAMPLING_LAYERS]
              [--down_sampling_window DOWN_SAMPLING_WINDOW]
              [--down_sampling_method DOWN_SAMPLING_METHOD]
              [--seg_len SEG_LEN] [--num_workers NUM_WORKERS] [--itr ITR]
              [--train_epochs TRAIN_EPOCHS] [--batch_size BATCH_SIZE]
              [--patience PATIENCE] [--learning_rate LEARNING_RATE]
              [--des DES] [--loss LOSS] [--lradj LRADJ] [--use_amp]
              [--use_gpu USE_GPU] [--gpu GPU] [--gpu_type GPU_TYPE]
              [--use_multi_gpu] [--devices DEVICES]
              [--p_hidden_dims P_HIDDEN_DIMS [P_HIDDEN_DIMS ...]]
              [--p_hidden_layers P_HIDDEN_LAYERS] [--use_dtw USE_DTW]
              [--augmentation_ratio AUGMENTATION_RATIO] [--seed SEED]
              [--jitter] [--scaling] [--permutation] [--randompermutation]
              [--magwarp] [--timewarp] [--windowslice] [--windowwarp]
              [--rotation] [--spawner] [--dtwwarp] [--shapedtwwarp] [--wdba]
              [--discdtw] [--discsdtw] [--extra_tag EXTRA_TAG]
              [--patch_len PATCH_LEN]
run.py: error: unrecognized arguments: --version Fourier --mode_select random --modes 32 --L 3
Completed: SASOL H=5

Training: FEDformer on SASOL for H=10
usage: run.py [-h] --task_name TASK_NAME --is_training IS_TRAINING --model_id
              MODEL_ID --model MODEL --data DATA [--root_path ROOT_PATH]
              [--data_path DATA_PATH] [--features FEATURES] [--target TARGET]
              [--freq FREQ] [--checkpoints CHECKPOINTS] [--seq_len SEQ_LEN]
              [--label_len LABEL_LEN] [--pred_len PRED_LEN]
              [--seasonal_patterns SEASONAL_PATTERNS] [--inverse]
              [--mask_rate MASK_RATE] [--anomaly_ratio ANOMALY_RATIO]
              [--expand EXPAND] [--d_conv D_CONV] [--top_k TOP_K]
              [--num_kernels NUM_KERNELS] [--enc_in ENC_IN] [--dec_in DEC_IN]
              [--c_out C_OUT] [--d_model D_MODEL] [--n_heads N_HEADS]
              [--e_layers E_LAYERS] [--d_layers D_LAYERS] [--d_ff D_FF]
              [--moving_avg MOVING_AVG] [--factor FACTOR] [--distil]
              [--dropout DROPOUT] [--embed EMBED] [--activation ACTIVATION]
              [--channel_independence CHANNEL_INDEPENDENCE]
              [--decomp_method DECOMP_METHOD] [--use_norm USE_NORM]
              [--down_sampling_layers DOWN_SAMPLING_LAYERS]
              [--down_sampling_window DOWN_SAMPLING_WINDOW]
              [--down_sampling_method DOWN_SAMPLING_METHOD]
              [--seg_len SEG_LEN] [--num_workers NUM_WORKERS] [--itr ITR]
              [--train_epochs TRAIN_EPOCHS] [--batch_size BATCH_SIZE]
              [--patience PATIENCE] [--learning_rate LEARNING_RATE]
              [--des DES] [--loss LOSS] [--lradj LRADJ] [--use_amp]
              [--use_gpu USE_GPU] [--gpu GPU] [--gpu_type GPU_TYPE]
              [--use_multi_gpu] [--devices DEVICES]
              [--p_hidden_dims P_HIDDEN_DIMS [P_HIDDEN_DIMS ...]]
              [--p_hidden_layers P_HIDDEN_LAYERS] [--use_dtw USE_DTW]
              [--augmentation_ratio AUGMENTATION_RATIO] [--seed SEED]
              [--jitter] [--scaling] [--permutation] [--randompermutation]
              [--magwarp] [--timewarp] [--windowslice] [--windowwarp]
              [--rotation] [--spawner] [--dtwwarp] [--shapedtwwarp] [--wdba]
              [--discdtw] [--discsdtw] [--extra_tag EXTRA_TAG]
              [--patch_len PATCH_LEN]
run.py: error: unrecognized arguments: --version Fourier --mode_select random --modes 32 --L 3
Completed: SASOL H=10

Training: FEDformer on SASOL for H=22
usage: run.py [-h] --task_name TASK_NAME --is_training IS_TRAINING --model_id
              MODEL_ID --model MODEL --data DATA [--root_path ROOT_PATH]
              [--data_path DATA_PATH] [--features FEATURES] [--target TARGET]
              [--freq FREQ] [--checkpoints CHECKPOINTS] [--seq_len SEQ_LEN]
              [--label_len LABEL_LEN] [--pred_len PRED_LEN]
              [--seasonal_patterns SEASONAL_PATTERNS] [--inverse]
              [--mask_rate MASK_RATE] [--anomaly_ratio ANOMALY_RATIO]
              [--expand EXPAND] [--d_conv D_CONV] [--top_k TOP_K]
              [--num_kernels NUM_KERNELS] [--enc_in ENC_IN] [--dec_in DEC_IN]
              [--c_out C_OUT] [--d_model D_MODEL] [--n_heads N_HEADS]
              [--e_layers E_LAYERS] [--d_layers D_LAYERS] [--d_ff D_FF]
              [--moving_avg MOVING_AVG] [--factor FACTOR] [--distil]
              [--dropout DROPOUT] [--embed EMBED] [--activation ACTIVATION]
              [--channel_independence CHANNEL_INDEPENDENCE]
              [--decomp_method DECOMP_METHOD] [--use_norm USE_NORM]
              [--down_sampling_layers DOWN_SAMPLING_LAYERS]
              [--down_sampling_window DOWN_SAMPLING_WINDOW]
              [--down_sampling_method DOWN_SAMPLING_METHOD]
              [--seg_len SEG_LEN] [--num_workers NUM_WORKERS] [--itr ITR]
              [--train_epochs TRAIN_EPOCHS] [--batch_size BATCH_SIZE]
              [--patience PATIENCE] [--learning_rate LEARNING_RATE]
              [--des DES] [--loss LOSS] [--lradj LRADJ] [--use_amp]
              [--use_gpu USE_GPU] [--gpu GPU] [--gpu_type GPU_TYPE]
              [--use_multi_gpu] [--devices DEVICES]
              [--p_hidden_dims P_HIDDEN_DIMS [P_HIDDEN_DIMS ...]]
              [--p_hidden_layers P_HIDDEN_LAYERS] [--use_dtw USE_DTW]
              [--augmentation_ratio AUGMENTATION_RATIO] [--seed SEED]
              [--jitter] [--scaling] [--permutation] [--randompermutation]
              [--magwarp] [--timewarp] [--windowslice] [--windowwarp]
              [--rotation] [--spawner] [--dtwwarp] [--shapedtwwarp] [--wdba]
              [--discdtw] [--discsdtw] [--extra_tag EXTRA_TAG]
              [--patch_len PATCH_LEN]
run.py: error: unrecognized arguments: --version Fourier --mode_select random --modes 32 --L 3
Completed: SASOL H=22

Training: FEDformer on SASOL for H=50
usage: run.py [-h] --task_name TASK_NAME --is_training IS_TRAINING --model_id
              MODEL_ID --model MODEL --data DATA [--root_path ROOT_PATH]
              [--data_path DATA_PATH] [--features FEATURES] [--target TARGET]
              [--freq FREQ] [--checkpoints CHECKPOINTS] [--seq_len SEQ_LEN]
              [--label_len LABEL_LEN] [--pred_len PRED_LEN]
              [--seasonal_patterns SEASONAL_PATTERNS] [--inverse]
              [--mask_rate MASK_RATE] [--anomaly_ratio ANOMALY_RATIO]
              [--expand EXPAND] [--d_conv D_CONV] [--top_k TOP_K]
              [--num_kernels NUM_KERNELS] [--enc_in ENC_IN] [--dec_in DEC_IN]
              [--c_out C_OUT] [--d_model D_MODEL] [--n_heads N_HEADS]
              [--e_layers E_LAYERS] [--d_layers D_LAYERS] [--d_ff D_FF]
              [--moving_avg MOVING_AVG] [--factor FACTOR] [--distil]
              [--dropout DROPOUT] [--embed EMBED] [--activation ACTIVATION]
              [--channel_independence CHANNEL_INDEPENDENCE]
              [--decomp_method DECOMP_METHOD] [--use_norm USE_NORM]
              [--down_sampling_layers DOWN_SAMPLING_LAYERS]
              [--down_sampling_window DOWN_SAMPLING_WINDOW]
              [--down_sampling_method DOWN_SAMPLING_METHOD]
              [--seg_len SEG_LEN] [--num_workers NUM_WORKERS] [--itr ITR]
              [--train_epochs TRAIN_EPOCHS] [--batch_size BATCH_SIZE]
              [--patience PATIENCE] [--learning_rate LEARNING_RATE]
              [--des DES] [--loss LOSS] [--lradj LRADJ] [--use_amp]
              [--use_gpu USE_GPU] [--gpu GPU] [--gpu_type GPU_TYPE]
              [--use_multi_gpu] [--devices DEVICES]
              [--p_hidden_dims P_HIDDEN_DIMS [P_HIDDEN_DIMS ...]]
              [--p_hidden_layers P_HIDDEN_LAYERS] [--use_dtw USE_DTW]
              [--augmentation_ratio AUGMENTATION_RATIO] [--seed SEED]
              [--jitter] [--scaling] [--permutation] [--randompermutation]
              [--magwarp] [--timewarp] [--windowslice] [--windowwarp]
              [--rotation] [--spawner] [--dtwwarp] [--shapedtwwarp] [--wdba]
              [--discdtw] [--discsdtw] [--extra_tag EXTRA_TAG]
              [--patch_len PATCH_LEN]
run.py: error: unrecognized arguments: --version Fourier --mode_select random --modes 32 --L 3
Completed: SASOL H=50

Training: FEDformer on SASOL for H=100
usage: run.py [-h] --task_name TASK_NAME --is_training IS_TRAINING --model_id
              MODEL_ID --model MODEL --data DATA [--root_path ROOT_PATH]
              [--data_path DATA_PATH] [--features FEATURES] [--target TARGET]
              [--freq FREQ] [--checkpoints CHECKPOINTS] [--seq_len SEQ_LEN]
              [--label_len LABEL_LEN] [--pred_len PRED_LEN]
              [--seasonal_patterns SEASONAL_PATTERNS] [--inverse]
              [--mask_rate MASK_RATE] [--anomaly_ratio ANOMALY_RATIO]
              [--expand EXPAND] [--d_conv D_CONV] [--top_k TOP_K]
              [--num_kernels NUM_KERNELS] [--enc_in ENC_IN] [--dec_in DEC_IN]
              [--c_out C_OUT] [--d_model D_MODEL] [--n_heads N_HEADS]
              [--e_layers E_LAYERS] [--d_layers D_LAYERS] [--d_ff D_FF]
              [--moving_avg MOVING_AVG] [--factor FACTOR] [--distil]
              [--dropout DROPOUT] [--embed EMBED] [--activation ACTIVATION]
              [--channel_independence CHANNEL_INDEPENDENCE]
              [--decomp_method DECOMP_METHOD] [--use_norm USE_NORM]
              [--down_sampling_layers DOWN_SAMPLING_LAYERS]
              [--down_sampling_window DOWN_SAMPLING_WINDOW]
              [--down_sampling_method DOWN_SAMPLING_METHOD]
              [--seg_len SEG_LEN] [--num_workers NUM_WORKERS] [--itr ITR]
              [--train_epochs TRAIN_EPOCHS] [--batch_size BATCH_SIZE]
              [--patience PATIENCE] [--learning_rate LEARNING_RATE]
              [--des DES] [--loss LOSS] [--lradj LRADJ] [--use_amp]
              [--use_gpu USE_GPU] [--gpu GPU] [--gpu_type GPU_TYPE]
              [--use_multi_gpu] [--devices DEVICES]
              [--p_hidden_dims P_HIDDEN_DIMS [P_HIDDEN_DIMS ...]]
              [--p_hidden_layers P_HIDDEN_LAYERS] [--use_dtw USE_DTW]
              [--augmentation_ratio AUGMENTATION_RATIO] [--seed SEED]
              [--jitter] [--scaling] [--permutation] [--randompermutation]
              [--magwarp] [--timewarp] [--windowslice] [--windowwarp]
              [--rotation] [--spawner] [--dtwwarp] [--shapedtwwarp] [--wdba]
              [--discdtw] [--discsdtw] [--extra_tag EXTRA_TAG]
              [--patch_len PATCH_LEN]
run.py: error: unrecognized arguments: --version Fourier --mode_select random --modes 32 --L 3
Completed: SASOL H=100

FEDformer training completed for all datasets!
